16/03/2022 11:21:48 [error] : 	test error
16/03/2022 11:21:48 [warn] : 	test warning
16/03/2022 11:21:48 [info] : 	test info
16/03/2022 11:21:48 [http] : 	test http
16/03/2022 11:21:48 [verbose] : 	test verbose
16/03/2022 11:21:48 [debug] : 	test debug
16/03/2022 11:21:48 [silly] : 	test silly
16/03/2022 11:25:45 [error] : 	test error
16/03/2022 11:25:45 [warn] : 	test warning
16/03/2022 11:25:45 [info] : 	test info
16/03/2022 11:25:45 [http] : 	test http
16/03/2022 11:25:45 [verbose] : 	test verbose
16/03/2022 11:25:45 [debug] : 	test debug
16/03/2022 11:25:45 [silly] : 	test silly
16/03/2022 11:26:38 [http] : 	
16/03/2022 11:26:38 [info] : 	GET /ingredients 200 835 - 14.430 ms

16/03/2022 11:26:45 [info] : 	GET /ingredients/2 200 277 - 20.096 ms

16/03/2022 11:26:50 [info] : 	GET /ingredients/20 200 0 - 4.650 ms

16/03/2022 11:28:39 [info] : 	GET /ingredient 404 149 - 2.231 ms

16/03/2022 11:30:28 [error] : 	test error
16/03/2022 11:30:28 [warn] : 	test warning
16/03/2022 11:30:28 [info] : 	test info
16/03/2022 11:30:28 [http] : 	test http
16/03/2022 11:30:28 [verbose] : 	test verbose
16/03/2022 11:30:28 [debug] : 	test debug
16/03/2022 11:30:28 [silly] : 	test silly
16/03/2022 11:31:20 [http] : 	
16/03/2022 11:31:20 [info] : 	GET /ingredients 200 835 - 14.958 ms

16/03/2022 11:31:48 [error] : 	test error
16/03/2022 11:31:48 [warn] : 	test warning
16/03/2022 11:31:48 [info] : 	test info
16/03/2022 11:31:48 [http] : 	test http
16/03/2022 11:31:48 [verbose] : 	test verbose
16/03/2022 11:31:48 [debug] : 	test debug
16/03/2022 11:31:48 [silly] : 	test silly
16/03/2022 11:31:53 [info] : 	
16/03/2022 11:31:53 [http] : 	
16/03/2022 11:31:53 [info] : 	GET /ingredients 200 835 - 10.139 ms

16/03/2022 11:32:07 [info] : 	GET /ingredient 404 149 - 2.119 ms

16/03/2022 11:32:28 [error] : 	[object Object]
16/03/2022 11:33:37 [error] : 	test error
16/03/2022 11:33:37 [warn] : 	test warning
16/03/2022 11:33:37 [info] : 	test info
16/03/2022 11:33:37 [http] : 	test http
16/03/2022 11:33:37 [verbose] : 	test verbose
16/03/2022 11:33:37 [debug] : 	test debug
16/03/2022 11:33:37 [silly] : 	test silly
16/03/2022 11:33:42 [http] : 	
16/03/2022 11:33:42 [info] : 	GET /ingredients 200 835 - 11.421 ms

16/03/2022 11:36:49 [error] : 	test error
16/03/2022 11:36:49 [warn] : 	test warning
16/03/2022 11:36:49 [info] : 	test info
16/03/2022 11:36:49 [http] : 	test http
16/03/2022 11:36:49 [verbose] : 	test verbose
16/03/2022 11:36:49 [debug] : 	test debug
16/03/2022 11:36:49 [silly] : 	test silly
16/03/2022 11:36:55 [http] : 	
16/03/2022 11:36:55 [info] : 	GET /ingredients 200 835 - 11.128 ms

16/03/2022 11:36:58 [info] : 	GET /ingredients/kjhgj 400 2 - 62.455 ms

16/03/2022 11:43:51 [error] : 	test error
16/03/2022 11:43:51 [warn] : 	test warning
16/03/2022 11:43:51 [info] : 	test info
16/03/2022 11:43:51 [http] : 	test http
16/03/2022 11:43:51 [verbose] : 	test verbose
16/03/2022 11:43:51 [debug] : 	test debug
16/03/2022 11:43:51 [silly] : 	test silly
16/03/2022 11:43:58 [info] : 	GET /ingredients/kjhgj 400 - - 56.385 ms

16/03/2022 11:44:03 [http] : 	
16/03/2022 11:44:03 [info] : 	GET /ingredients 200 835 - 10.346 ms

16/03/2022 11:44:06 [info] : 	POST /ingredients 400 - - 3.196 ms

16/03/2022 11:44:49 [error] : 	test error
16/03/2022 11:44:49 [warn] : 	test warning
16/03/2022 11:44:49 [info] : 	test info
16/03/2022 11:44:49 [http] : 	test http
16/03/2022 11:44:49 [verbose] : 	test verbose
16/03/2022 11:44:49 [debug] : 	test debug
16/03/2022 11:44:49 [silly] : 	test silly
16/03/2022 11:45:00 [http] : 	
16/03/2022 11:45:00 [info] : 	GET /ingredients 200 835 - 14.623 ms

16/03/2022 11:45:08 [info] : 	GET /ingredients/22 200 0 - 7.959 ms

