17/03/2022 09:41:59 [error] : 	test error
17/03/2022 09:43:16 [error] : 	test error
17/03/2022 09:45:16 [error] : 	test error
17/03/2022 09:53:11 [error] : 	test error
17/03/2022 09:58:16 [error] : 	test error
17/03/2022 10:00:40 [error] : 	test error
17/03/2022 10:03:19 [error] : 	test error
17/03/2022 10:03:50 [error] : 	test error
17/03/2022 10:04:35 [error] : 	test error
17/03/2022 10:04:57 [error] : 	test error
17/03/2022 10:05:03 [error] : 	string violation: categories cannot be an array or an object
17/03/2022 10:05:23 [error] : 	test error
17/03/2022 10:06:33 [error] : 	test error
17/03/2022 10:07:37 [error] : 	test error
17/03/2022 10:25:02 [error] : 	test error
17/03/2022 10:28:34 [error] : 	test error
17/03/2022 10:42:18 [error] : 	test error
17/03/2022 10:43:44 [error] : 	test error
17/03/2022 11:09:18 [error] : 	test error
17/03/2022 11:10:39 [error] : 	test error
17/03/2022 11:11:38 [error] : 	test error
17/03/2022 11:12:21 [error] : 	test error
17/03/2022 11:12:55 [error] : 	test error
17/03/2022 11:47:52 [error] : 	test error
17/03/2022 11:49:34 [error] : 	test error
17/03/2022 11:50:58 [error] : 	test error
17/03/2022 11:53:45 [error] : 	test error
17/03/2022 11:54:47 [error] : 	test error
17/03/2022 11:55:56 [error] : 	test error
17/03/2022 11:56:24 [error] : 	test error
17/03/2022 11:57:01 [error] : 	test error
17/03/2022 11:57:42 [error] : 	test error
17/03/2022 11:59:27 [error] : 	test error
17/03/2022 12:00:10 [error] : 	test error
17/03/2022 12:01:27 [error] : 	test error
17/03/2022 12:03:46 [error] : 	test error
17/03/2022 12:04:49 [error] : 	test error
17/03/2022 12:05:58 [error] : 	test error
17/03/2022 12:06:25 [error] : 	test error
17/03/2022 12:07:16 [error] : 	test error
17/03/2022 12:07:36 [error] : 	test error
17/03/2022 12:08:06 [error] : 	test error
17/03/2022 12:08:55 [error] : 	test error
17/03/2022 12:09:12 [error] : 	test error
17/03/2022 12:12:04 [error] : 	test error
17/03/2022 12:13:07 [error] : 	test error
17/03/2022 12:13:56 [error] : 	test error
17/03/2022 12:14:15 [error] : 	test error
17/03/2022 12:14:47 [error] : 	test error
17/03/2022 12:15:48 [error] : 	test error
17/03/2022 12:15:53 [error] : 	Champ 'NaN' inconnu dans where clause
17/03/2022 12:16:42 [error] : 	test error
17/03/2022 12:16:46 [error] : 	GET BY ID : Champ 'NaN' inconnu dans where clause
17/03/2022 12:17:08 [error] : 	test error
17/03/2022 12:17:11 [error] : 	Method => GET BY ID : Champ 'NaN' inconnu dans where clause
17/03/2022 12:18:17 [error] : 	test error
17/03/2022 12:18:37 [error] : 	test error
17/03/2022 12:18:41 [error] : 	Method => GET BY ID : Champ 'NaN' inconnu dans where clause
17/03/2022 12:20:30 [error] : 	test error
17/03/2022 12:20:33 [error] : 	Method => GET Ingredient BY ID : Champ 'NaN' inconnu dans where clause
17/03/2022 12:22:25 [error] : 	test error
17/03/2022 12:22:36 [error] : 	Method => GET Ingredient BY ID : Champ 'NaN' inconnu dans where clause
17/03/2022 12:23:06 [error] : 	test error
17/03/2022 12:23:10 [error] : 	Method => GET Ingredient BY ID : Champ 'NaN' inconnu dans where clause
17/03/2022 12:23:45 [error] : 	Method => GET Ingredient BY ID : Champ 'NaN' inconnu dans where clause
17/03/2022 12:24:20 [error] : 	test error
17/03/2022 12:25:39 [error] : 	test error
17/03/2022 12:25:48 [error] : 	Method => GET Ingredient BY ID : Champ 'NaN' inconnu dans where clause
17/03/2022 12:27:22 [error] : 	test error
17/03/2022 12:31:13 [error] : 	test error
17/03/2022 12:32:37 [error] : 	test error
17/03/2022 12:32:42 [error] : 	Method => POST Ingredient : notNull Violation: ingredients.ingredient_text cannot be null
17/03/2022 12:34:14 [error] : 	test error
17/03/2022 12:34:18 [error] : 	Method => POST Ingredient : notNull Violation: ingredients.ingredient_text cannot be null
17/03/2022 12:35:31 [error] : 	test error
17/03/2022 12:36:22 [error] : 	test error
17/03/2022 12:36:31 [error] : 	test error
17/03/2022 12:36:47 [error] : 	test error
17/03/2022 12:36:56 [error] : 	Method => POST Ingredient : Validation error
17/03/2022 12:38:15 [error] : 	test error
17/03/2022 12:38:20 [error] : 	Method => POST Ingredient : Validation error
17/03/2022 12:38:48 [error] : 	test error
17/03/2022 12:38:53 [error] : 	Method => POST Ingredient : Validation error
17/03/2022 12:39:14 [error] : 	test error
17/03/2022 12:39:18 [error] : 	Method => POST Ingredient : Validation error
17/03/2022 12:39:44 [error] : 	test error
17/03/2022 12:39:49 [error] : 	Method => POST Ingredient : Validation error
17/03/2022 12:40:01 [error] : 	test error
17/03/2022 12:40:05 [error] : 	Method => POST Ingredient : Validation error
17/03/2022 12:40:25 [error] : 	test error
17/03/2022 12:41:30 [error] : 	test error
17/03/2022 12:43:25 [error] : 	test error
17/03/2022 12:43:48 [error] : 	test error
17/03/2022 12:45:11 [error] : 	test error
17/03/2022 12:46:00 [error] : 	test error
17/03/2022 12:48:24 [error] : 	test error
17/03/2022 12:50:11 [error] : 	test error
17/03/2022 12:51:28 [error] : 	test error
17/03/2022 12:51:33 [error] : 	Method => POST Ingredient : Validation error
17/03/2022 12:52:18 [error] : 	test error
17/03/2022 12:52:21 [error] : 	Method => POST Ingredient : Validation error
17/03/2022 12:52:40 [error] : 	test error
17/03/2022 12:52:43 [error] : 	Method => POST Ingredient : Validation error
17/03/2022 12:53:25 [error] : 	test error
17/03/2022 12:53:29 [error] : 	Method => POST Ingredient : Validation error
17/03/2022 12:53:50 [error] : 	test error
17/03/2022 12:54:06 [error] : 	test error
17/03/2022 12:54:21 [error] : 	Method => POST Ingredient : Validation error
17/03/2022 12:55:13 [error] : 	test error
17/03/2022 12:55:16 [error] : 	Method => POST Ingredient : Validation error
17/03/2022 12:56:27 [error] : 	test error
17/03/2022 12:59:12 [error] : 	test error
17/03/2022 01:00:13 [error] : 	Method => PUT Ingredient : Ingredient doesn't exists, id:1
17/03/2022 01:00:58 [error] : 	test error
17/03/2022 01:01:02 [error] : 	Method => PUT Ingredient : Ingredient doesn't exists, id:1
17/03/2022 01:03:25 [error] : 	test error
17/03/2022 01:57:50 [error] : 	test error
17/03/2022 01:59:46 [error] : 	test error
17/03/2022 01:59:53 [error] : 	Method => POST Ingredient : Validation error
17/03/2022 02:00:54 [error] : 	test error
17/03/2022 02:01:02 [error] : 	Method => POST Ingredient : Validation error
17/03/2022 02:01:41 [error] : 	test error
17/03/2022 02:03:02 [error] : 	test error
17/03/2022 02:03:06 [error] : 	Method => POST Ingredient : Validation error
17/03/2022 02:03:57 [error] : 	test error
17/03/2022 02:04:34 [error] : 	test error
17/03/2022 02:04:44 [error] : 	Method => POST Ingredient : Validation error
17/03/2022 02:06:26 [error] : 	test error
17/03/2022 02:06:40 [error] : 	Method => DELETE Ingredient : Ingredient doesn't exists, id:77
17/03/2022 02:07:32 [error] : 	Method => DELETE Ingredient : Ingredient doesn't exists, id:77
17/03/2022 02:07:43 [error] : 	Method => DELETE Ingredient : Invalid status code: 1
17/03/2022 02:08:00 [error] : 	Method => DELETE Ingredient : Ingredient doesn't exists, id:22
17/03/2022 02:08:53 [error] : 	test error
17/03/2022 02:09:03 [error] : 	Method => DELETE Ingredient : Ingredient doesn't exists, id:22
17/03/2022 02:09:17 [error] : 	test error
17/03/2022 02:09:23 [error] : 	Method => DELETE Ingredient : Ingredient doesn't exists, id:22
17/03/2022 02:10:03 [error] : 	test error
17/03/2022 02:10:22 [error] : 	Method => DELETE Ingredient : Invalid status code: 1
17/03/2022 02:10:58 [error] : 	test error
17/03/2022 02:12:32 [error] : 	test error
17/03/2022 02:13:06 [error] : 	test error
17/03/2022 02:13:12 [error] : 	Method => DELETE Ingredient : Ingredient doesn't exists, id:28
17/03/2022 02:14:19 [error] : 	test error
17/03/2022 02:14:43 [error] : 	test error
17/03/2022 02:15:14 [error] : 	test error
17/03/2022 02:15:29 [error] : 	test error
17/03/2022 02:15:57 [error] : 	test error
17/03/2022 02:16:13 [error] : 	test error
17/03/2022 02:16:34 [error] : 	test error
17/03/2022 02:17:03 [error] : 	test error
17/03/2022 02:17:14 [error] : 	test error
17/03/2022 02:17:58 [error] : 	test error
17/03/2022 02:18:48 [error] : 	test error
17/03/2022 02:25:44 [error] : 	test error
17/03/2022 02:25:50 [error] : 	Method => DELETE Ingredient : Champ 'NaN' inconnu dans where clause
17/03/2022 02:26:13 [error] : 	test error
17/03/2022 02:26:16 [error] : 	Method => DELETE Ingredient : Champ 'NaN' inconnu dans where clause
17/03/2022 02:26:27 [error] : 	test error
17/03/2022 02:26:31 [error] : 	Method => DELETE Ingredient : Champ 'NaN' inconnu dans where clause
17/03/2022 02:27:26 [error] : 	test error
17/03/2022 02:27:30 [error] : 	Method => DELETE Ingredient : Champ 'NaN' inconnu dans where clause
17/03/2022 02:27:54 [error] : 	test error
17/03/2022 02:28:09 [error] : 	test error
17/03/2022 02:31:37 [error] : 	test error
17/03/2022 02:34:24 [error] : 	test error
17/03/2022 02:34:28 [error] : 	Method => DELETE Ingredient : Error: TEST
17/03/2022 02:35:24 [error] : 	test error
17/03/2022 02:35:27 [error] : 	Method => DELETE Ingredient : Error
17/03/2022 02:36:48 [error] : 	test error
17/03/2022 02:37:15 [error] : 	Method => DELETE Ingredient : Error
17/03/2022 02:38:01 [error] : 	test error
17/03/2022 02:38:15 [error] : 	Method => DELETE Ingredient : Error: Ingredient Id is not a number
17/03/2022 02:38:43 [error] : 	test error
17/03/2022 02:39:34 [error] : 	Method => DELETE Ingredient : Error: Ingredient Id is not a number
17/03/2022 02:39:44 [error] : 	Method => DELETE Ingredient : Ingredient doesn't exists, id:78
17/03/2022 02:45:56 [error] : 	test error
17/03/2022 02:47:07 [error] : 	test error
17/03/2022 02:47:11 [error] : 	Method => GET Ingredient BY ID : Error: Ingredient Id is not a number
17/03/2022 02:47:21 [error] : 	Method => GET Ingredient BY ID : Error: Ingredient Id is not a number
17/03/2022 02:51:36 [error] : 	test error
17/03/2022 02:53:34 [error] : 	test error
17/03/2022 02:57:22 [error] : 	test error
17/03/2022 02:57:27 [error] : 	Method => PUT Ingredient : TypeError: Cannot read properties of undefined (reading 'length')
17/03/2022 02:58:06 [error] : 	test error
17/03/2022 02:58:10 [error] : 	Method => PUT Ingredient : TypeError: Cannot read properties of undefined (reading 'length')
17/03/2022 02:58:21 [error] : 	test error
17/03/2022 02:59:15 [error] : 	test error
17/03/2022 03:13:42 [error] : 	test error
17/03/2022 03:14:11 [error] : 	test error
17/03/2022 03:14:40 [error] : 	test error
17/03/2022 03:15:14 [error] : 	test error
17/03/2022 03:16:18 [error] : 	test error
17/03/2022 03:18:41 [error] : 	test error
17/03/2022 03:20:55 [error] : 	test error
17/03/2022 03:23:52 [error] : 	test error
17/03/2022 03:24:37 [error] : 	Method => PUT Ingredient : Error: Ingredient object is malformed
17/03/2022 03:26:55 [error] : 	test error
17/03/2022 03:26:59 [error] : 	Method => PUT Ingredient : Error: Ingredient object is malformed
17/03/2022 03:30:37 [error] : 	test error
17/03/2022 03:30:41 [error] : 	Method => PUT Ingredient : Error: Ingredient object is malformed
17/03/2022 03:32:57 [error] : 	test error
17/03/2022 03:33:16 [error] : 	Method => POST Ingredient : Error: Ingredient object is malformed
17/03/2022 03:35:51 [error] : 	Method => GET Ingredient BY ID : Error: Ingredient Id is not a number
17/03/2022 03:39:35 [error] : 	Method => POST Ingredient : Validation error
17/03/2022 04:02:53 [error] : 	test error
17/03/2022 04:03:21 [error] : 	Method => GET Ingredient BY ID : Error: Ingredient Id is not a number
17/03/2022 04:04:11 [error] : 	test error
17/03/2022 04:06:14 [error] : 	test error
17/03/2022 04:08:03 [error] : 	test error
17/03/2022 04:09:18 [error] : 	test error
17/03/2022 04:09:29 [error] : 	Method => GET Ingredient BY ID : Ingredient with id:'999' does not exist
17/03/2022 04:10:22 [error] : 	test error
17/03/2022 04:13:08 [error] : 	test error
17/03/2022 04:14:56 [error] : 	test error
17/03/2022 04:18:53 [error] : 	test error
17/03/2022 04:20:27 [error] : 	test error
