18/03/2022 09:29:53 [error] : 	test error
18/03/2022 09:29:53 [warn] : 	test warning
18/03/2022 09:29:53 [info] : 	test info
18/03/2022 09:29:53 [http] : 	test http
18/03/2022 09:29:53 [verbose] : 	test verbose
18/03/2022 09:29:53 [debug] : 	test debug
18/03/2022 09:29:53 [silly] : 	test silly
18/03/2022 09:30:18 [info] : 	Get All Ingredients
18/03/2022 09:30:18 [info] : 	GET /ingredients 200 28319 - 19.394 ms

18/03/2022 09:31:22 [error] : 	test error
18/03/2022 09:31:22 [warn] : 	test warning
18/03/2022 09:31:22 [info] : 	test info
18/03/2022 09:31:22 [http] : 	test http
18/03/2022 09:31:22 [verbose] : 	test verbose
18/03/2022 09:31:22 [debug] : 	test debug
18/03/2022 09:31:22 [silly] : 	test silly
18/03/2022 09:31:25 [info] : 	Example app listening on port 3000 , host 127.0.0.1
18/03/2022 09:40:09 [error] : 	test error
18/03/2022 09:40:09 [warn] : 	test warning
18/03/2022 09:40:09 [info] : 	test info
18/03/2022 09:40:09 [http] : 	test http
18/03/2022 09:40:09 [verbose] : 	test verbose
18/03/2022 09:40:09 [debug] : 	test debug
18/03/2022 09:40:09 [silly] : 	test silly
18/03/2022 09:40:10 [info] : 	Example app listening on port 3000 , host 127.0.0.1
18/03/2022 09:40:16 [error] : 	test error
18/03/2022 09:40:16 [warn] : 	test warning
18/03/2022 09:40:16 [info] : 	test info
18/03/2022 09:40:16 [http] : 	test http
18/03/2022 09:40:16 [verbose] : 	test verbose
18/03/2022 09:40:16 [debug] : 	test debug
18/03/2022 09:40:16 [silly] : 	test silly
18/03/2022 09:40:18 [info] : 	App listening on port 3000 , host 127.0.0.1
18/03/2022 09:44:39 [error] : 	test error
18/03/2022 09:44:39 [warn] : 	test warning
18/03/2022 09:44:39 [info] : 	test info
18/03/2022 09:44:39 [http] : 	test http
18/03/2022 09:44:39 [verbose] : 	test verbose
18/03/2022 09:44:39 [debug] : 	test debug
18/03/2022 09:44:39 [silly] : 	test silly
18/03/2022 09:44:41 [info] : 	App listening on port 3000 , host 127.0.0.1
18/03/2022 09:54:07 [error] : 	test error
18/03/2022 09:54:07 [warn] : 	test warning
18/03/2022 09:54:07 [info] : 	test info
18/03/2022 09:54:07 [http] : 	test http
18/03/2022 09:54:07 [verbose] : 	test verbose
18/03/2022 09:54:07 [debug] : 	test debug
18/03/2022 09:54:07 [silly] : 	test silly
18/03/2022 09:54:09 [info] : 	App listening on port 3000 , host 127.0.0.1
18/03/2022 09:55:22 [error] : 	test error
18/03/2022 09:55:22 [warn] : 	test warning
18/03/2022 09:55:22 [info] : 	test info
18/03/2022 09:55:22 [http] : 	test http
18/03/2022 09:55:22 [verbose] : 	test verbose
18/03/2022 09:55:22 [debug] : 	test debug
18/03/2022 09:55:22 [silly] : 	test silly
18/03/2022 09:55:24 [info] : 	App listening on port 3000 , host 127.0.0.1
18/03/2022 10:01:42 [error] : 	test error
18/03/2022 10:01:42 [warn] : 	test warning
18/03/2022 10:01:42 [info] : 	test info
18/03/2022 10:01:42 [http] : 	test http
18/03/2022 10:01:42 [verbose] : 	test verbose
18/03/2022 10:01:42 [debug] : 	test debug
18/03/2022 10:01:42 [silly] : 	test silly
18/03/2022 10:01:44 [info] : 	App listening on port 3000 , host 127.0.0.1
18/03/2022 10:03:15 [error] : 	test error
18/03/2022 10:03:15 [warn] : 	test warning
18/03/2022 10:03:15 [info] : 	test info
18/03/2022 10:03:15 [http] : 	test http
18/03/2022 10:03:15 [verbose] : 	test verbose
18/03/2022 10:03:15 [debug] : 	test debug
18/03/2022 10:03:15 [silly] : 	test silly
18/03/2022 10:03:17 [info] : 	App listening on port 3000 , host 127.0.0.1
18/03/2022 10:05:08 [error] : 	test error
18/03/2022 10:05:08 [warn] : 	test warning
18/03/2022 10:05:08 [info] : 	test info
18/03/2022 10:05:08 [http] : 	test http
18/03/2022 10:05:08 [verbose] : 	test verbose
18/03/2022 10:05:08 [debug] : 	test debug
18/03/2022 10:05:08 [silly] : 	test silly
18/03/2022 10:05:10 [info] : 	App listening on port 3000 , host 127.0.0.1
18/03/2022 10:24:54 [error] : 	test error
18/03/2022 10:24:54 [warn] : 	test warning
18/03/2022 10:24:54 [info] : 	test info
18/03/2022 10:24:54 [http] : 	test http
18/03/2022 10:24:54 [verbose] : 	test verbose
18/03/2022 10:24:54 [debug] : 	test debug
18/03/2022 10:24:54 [silly] : 	test silly
18/03/2022 10:24:56 [info] : 	App listening on port 3000 , host 127.0.0.1
18/03/2022 10:25:28 [error] : 	test error
18/03/2022 10:25:28 [warn] : 	test warning
18/03/2022 10:25:28 [info] : 	test info
18/03/2022 10:25:28 [http] : 	test http
18/03/2022 10:25:28 [verbose] : 	test verbose
18/03/2022 10:25:28 [debug] : 	test debug
18/03/2022 10:25:28 [silly] : 	test silly
18/03/2022 10:25:30 [info] : 	App listening on port 3000 , host 127.0.0.1
18/03/2022 10:26:49 [error] : 	test error
18/03/2022 10:26:49 [warn] : 	test warning
18/03/2022 10:26:49 [info] : 	test info
18/03/2022 10:26:49 [http] : 	test http
18/03/2022 10:26:49 [verbose] : 	test verbose
18/03/2022 10:26:49 [debug] : 	test debug
18/03/2022 10:26:49 [silly] : 	test silly
18/03/2022 10:26:51 [info] : 	App listening on port 3000 , host 127.0.0.1
18/03/2022 10:35:20 [error] : 	test error
18/03/2022 10:35:20 [warn] : 	test warning
18/03/2022 10:35:20 [info] : 	test info
18/03/2022 10:35:20 [http] : 	test http
18/03/2022 10:35:20 [verbose] : 	test verbose
18/03/2022 10:35:20 [debug] : 	test debug
18/03/2022 10:35:20 [silly] : 	test silly
18/03/2022 10:35:22 [info] : 	App listening on port 3000 , host 127.0.0.1
18/03/2022 10:35:42 [error] : 	test error
18/03/2022 10:35:42 [warn] : 	test warning
18/03/2022 10:35:42 [info] : 	test info
18/03/2022 10:35:42 [http] : 	test http
18/03/2022 10:35:42 [verbose] : 	test verbose
18/03/2022 10:35:42 [debug] : 	test debug
18/03/2022 10:35:42 [silly] : 	test silly
18/03/2022 10:35:44 [info] : 	App listening on port 3000 , host 127.0.0.1
18/03/2022 10:36:37 [error] : 	test error
18/03/2022 10:36:37 [warn] : 	test warning
18/03/2022 10:36:37 [info] : 	test info
18/03/2022 10:36:37 [http] : 	test http
18/03/2022 10:36:37 [verbose] : 	test verbose
18/03/2022 10:36:37 [debug] : 	test debug
18/03/2022 10:36:37 [silly] : 	test silly
18/03/2022 10:36:39 [info] : 	App listening on port 3000 , host 127.0.0.1
18/03/2022 10:41:53 [error] : 	test error
18/03/2022 10:41:53 [warn] : 	test warning
18/03/2022 10:41:53 [info] : 	test info
18/03/2022 10:41:53 [http] : 	test http
18/03/2022 10:41:53 [verbose] : 	test verbose
18/03/2022 10:41:53 [debug] : 	test debug
18/03/2022 10:41:53 [silly] : 	test silly
18/03/2022 10:41:55 [info] : 	App listening on port 3000 , host 127.0.0.1
18/03/2022 10:48:32 [error] : 	test error
18/03/2022 10:48:32 [warn] : 	test warning
18/03/2022 10:48:32 [info] : 	test info
18/03/2022 10:48:32 [http] : 	test http
18/03/2022 10:48:32 [verbose] : 	test verbose
18/03/2022 10:48:32 [debug] : 	test debug
18/03/2022 10:48:32 [silly] : 	test silly
18/03/2022 10:51:17 [error] : 	test error
18/03/2022 10:51:17 [warn] : 	test warning
18/03/2022 10:51:17 [info] : 	test info
18/03/2022 10:51:17 [http] : 	test http
18/03/2022 10:51:17 [verbose] : 	test verbose
18/03/2022 10:51:17 [debug] : 	test debug
18/03/2022 10:51:17 [silly] : 	test silly
18/03/2022 10:52:18 [error] : 	test error
18/03/2022 10:52:18 [warn] : 	test warning
18/03/2022 10:52:18 [info] : 	test info
18/03/2022 10:52:18 [http] : 	test http
18/03/2022 10:52:18 [verbose] : 	test verbose
18/03/2022 10:52:18 [debug] : 	test debug
18/03/2022 10:52:18 [silly] : 	test silly
18/03/2022 10:53:29 [error] : 	test error
18/03/2022 10:53:29 [warn] : 	test warning
18/03/2022 10:53:29 [info] : 	test info
18/03/2022 10:53:29 [http] : 	test http
18/03/2022 10:53:29 [verbose] : 	test verbose
18/03/2022 10:53:29 [debug] : 	test debug
18/03/2022 10:53:29 [silly] : 	test silly
18/03/2022 10:57:07 [error] : 	test error
18/03/2022 10:57:07 [warn] : 	test warning
18/03/2022 10:57:07 [info] : 	test info
18/03/2022 10:57:07 [http] : 	test http
18/03/2022 10:57:07 [verbose] : 	test verbose
18/03/2022 10:57:07 [debug] : 	test debug
18/03/2022 10:57:07 [silly] : 	test silly
18/03/2022 11:00:07 [error] : 	test error
18/03/2022 11:00:07 [warn] : 	test warning
18/03/2022 11:00:07 [info] : 	test info
18/03/2022 11:00:07 [http] : 	test http
18/03/2022 11:00:07 [verbose] : 	test verbose
18/03/2022 11:00:07 [debug] : 	test debug
18/03/2022 11:00:07 [silly] : 	test silly
18/03/2022 11:07:14 [error] : 	test error
18/03/2022 11:07:14 [warn] : 	test warning
18/03/2022 11:07:14 [info] : 	test info
18/03/2022 11:07:14 [http] : 	test http
18/03/2022 11:07:14 [verbose] : 	test verbose
18/03/2022 11:07:14 [debug] : 	test debug
18/03/2022 11:07:14 [silly] : 	test silly
18/03/2022 11:07:17 [info] : 	App listening on port 3000 , host 127.0.0.1
18/03/2022 11:07:37 [error] : 	test error
18/03/2022 11:07:37 [warn] : 	test warning
18/03/2022 11:07:37 [info] : 	test info
18/03/2022 11:07:37 [http] : 	test http
18/03/2022 11:07:37 [verbose] : 	test verbose
18/03/2022 11:07:37 [debug] : 	test debug
18/03/2022 11:07:37 [silly] : 	test silly
18/03/2022 11:07:40 [info] : 	App listening on port 3000 , host 127.0.0.1
18/03/2022 11:08:15 [error] : 	test error
18/03/2022 11:08:15 [warn] : 	test warning
18/03/2022 11:08:15 [info] : 	test info
18/03/2022 11:08:15 [http] : 	test http
18/03/2022 11:08:15 [verbose] : 	test verbose
18/03/2022 11:08:15 [debug] : 	test debug
18/03/2022 11:08:15 [silly] : 	test silly
18/03/2022 11:08:18 [info] : 	App listening on port 3000 , host 127.0.0.1
18/03/2022 11:08:52 [error] : 	test error
18/03/2022 11:08:52 [warn] : 	test warning
18/03/2022 11:08:52 [info] : 	test info
18/03/2022 11:08:52 [http] : 	test http
18/03/2022 11:08:52 [verbose] : 	test verbose
18/03/2022 11:08:52 [debug] : 	test debug
18/03/2022 11:08:52 [silly] : 	test silly
18/03/2022 11:08:55 [info] : 	App listening on port 3000 , host 127.0.0.1
18/03/2022 11:11:33 [error] : 	test error
18/03/2022 11:11:33 [warn] : 	test warning
18/03/2022 11:11:33 [info] : 	test info
18/03/2022 11:11:33 [http] : 	test http
18/03/2022 11:11:33 [verbose] : 	test verbose
18/03/2022 11:11:33 [debug] : 	test debug
18/03/2022 11:11:33 [silly] : 	test silly
18/03/2022 11:11:36 [info] : 	App listening on port 3000 , host 127.0.0.1
18/03/2022 11:11:59 [error] : 	test error
18/03/2022 11:11:59 [warn] : 	test warning
18/03/2022 11:11:59 [info] : 	test info
18/03/2022 11:11:59 [http] : 	test http
18/03/2022 11:11:59 [verbose] : 	test verbose
18/03/2022 11:11:59 [debug] : 	test debug
18/03/2022 11:11:59 [silly] : 	test silly
18/03/2022 11:12:00 [info] : 	App listening on port 3000 , host 127.0.0.1
18/03/2022 11:12:13 [error] : 	test error
18/03/2022 11:12:13 [warn] : 	test warning
18/03/2022 11:12:13 [info] : 	test info
18/03/2022 11:12:13 [http] : 	test http
18/03/2022 11:12:13 [verbose] : 	test verbose
18/03/2022 11:12:13 [debug] : 	test debug
18/03/2022 11:12:13 [silly] : 	test silly
18/03/2022 11:12:15 [info] : 	App listening on port 3000 , host 127.0.0.1
18/03/2022 11:12:53 [error] : 	test error
18/03/2022 11:12:53 [warn] : 	test warning
18/03/2022 11:12:53 [info] : 	test info
18/03/2022 11:12:53 [http] : 	test http
18/03/2022 11:12:53 [verbose] : 	test verbose
18/03/2022 11:12:53 [debug] : 	test debug
18/03/2022 11:12:53 [silly] : 	test silly
18/03/2022 11:12:54 [info] : 	App listening on port 3000 , host 127.0.0.1
18/03/2022 11:13:19 [error] : 	test error
18/03/2022 11:13:19 [warn] : 	test warning
18/03/2022 11:13:19 [info] : 	test info
18/03/2022 11:13:19 [http] : 	test http
18/03/2022 11:13:19 [verbose] : 	test verbose
18/03/2022 11:13:19 [debug] : 	test debug
18/03/2022 11:13:19 [silly] : 	test silly
18/03/2022 11:13:21 [info] : 	App listening on port 3000 , host 127.0.0.1
18/03/2022 11:15:55 [error] : 	test error
18/03/2022 11:15:55 [warn] : 	test warning
18/03/2022 11:15:55 [info] : 	test info
18/03/2022 11:15:55 [http] : 	test http
18/03/2022 11:15:55 [verbose] : 	test verbose
18/03/2022 11:15:55 [debug] : 	test debug
18/03/2022 11:15:55 [silly] : 	test silly
18/03/2022 11:15:57 [info] : 	App listening on port 3000 , host 127.0.0.1
18/03/2022 11:37:18 [error] : 	test error
18/03/2022 11:37:18 [warn] : 	test warning
18/03/2022 11:37:18 [info] : 	test info
18/03/2022 11:37:18 [http] : 	test http
18/03/2022 11:37:18 [verbose] : 	test verbose
18/03/2022 11:37:18 [debug] : 	test debug
18/03/2022 11:37:18 [silly] : 	test silly
18/03/2022 11:37:20 [info] : 	App listening on port 3000 , host 127.0.0.1
18/03/2022 11:52:02 [error] : 	test error
18/03/2022 11:52:02 [warn] : 	test warning
18/03/2022 11:52:02 [info] : 	test info
18/03/2022 11:52:02 [http] : 	test http
18/03/2022 11:52:02 [verbose] : 	test verbose
18/03/2022 11:52:02 [debug] : 	test debug
18/03/2022 11:52:02 [silly] : 	test silly
18/03/2022 11:52:04 [info] : 	App listening on port 3000 , host 127.0.0.1
18/03/2022 11:52:13 [error] : 	test error
18/03/2022 11:52:13 [warn] : 	test warning
18/03/2022 11:52:13 [info] : 	test info
18/03/2022 11:52:13 [http] : 	test http
18/03/2022 11:52:13 [verbose] : 	test verbose
18/03/2022 11:52:13 [debug] : 	test debug
18/03/2022 11:52:13 [silly] : 	test silly
18/03/2022 11:52:15 [info] : 	App listening on port 3000 , host 127.0.0.1
18/03/2022 11:52:49 [error] : 	test error
18/03/2022 11:52:49 [warn] : 	test warning
18/03/2022 11:52:49 [info] : 	test info
18/03/2022 11:52:49 [http] : 	test http
18/03/2022 11:52:49 [verbose] : 	test verbose
18/03/2022 11:52:49 [debug] : 	test debug
18/03/2022 11:52:49 [silly] : 	test silly
18/03/2022 11:54:08 [error] : 	test error
18/03/2022 11:54:08 [warn] : 	test warning
18/03/2022 11:54:08 [info] : 	test info
18/03/2022 11:54:08 [http] : 	test http
18/03/2022 11:54:08 [verbose] : 	test verbose
18/03/2022 11:54:08 [debug] : 	test debug
18/03/2022 11:54:08 [silly] : 	test silly
18/03/2022 11:58:39 [error] : 	test error
18/03/2022 11:58:39 [warn] : 	test warning
18/03/2022 11:58:39 [info] : 	test info
18/03/2022 11:58:39 [http] : 	test http
18/03/2022 11:58:39 [verbose] : 	test verbose
18/03/2022 11:58:39 [debug] : 	test debug
18/03/2022 11:58:39 [silly] : 	test silly
18/03/2022 11:58:41 [info] : 	App listening on port 3000 , host 127.0.0.1
18/03/2022 11:59:21 [error] : 	test error
18/03/2022 11:59:21 [warn] : 	test warning
18/03/2022 11:59:21 [info] : 	test info
18/03/2022 11:59:21 [http] : 	test http
18/03/2022 11:59:21 [verbose] : 	test verbose
18/03/2022 11:59:21 [debug] : 	test debug
18/03/2022 11:59:21 [silly] : 	test silly
18/03/2022 12:00:52 [error] : 	test error
18/03/2022 12:00:52 [warn] : 	test warning
18/03/2022 12:00:52 [info] : 	test info
18/03/2022 12:00:52 [http] : 	test http
18/03/2022 12:00:52 [verbose] : 	test verbose
18/03/2022 12:00:52 [debug] : 	test debug
18/03/2022 12:00:52 [silly] : 	test silly
18/03/2022 12:03:04 [error] : 	test error
18/03/2022 12:03:04 [warn] : 	test warning
18/03/2022 12:03:04 [info] : 	test info
18/03/2022 12:03:04 [http] : 	test http
18/03/2022 12:03:04 [verbose] : 	test verbose
18/03/2022 12:03:04 [debug] : 	test debug
18/03/2022 12:03:04 [silly] : 	test silly
18/03/2022 12:03:22 [error] : 	test error
18/03/2022 12:03:22 [warn] : 	test warning
18/03/2022 12:03:22 [info] : 	test info
18/03/2022 12:03:22 [http] : 	test http
18/03/2022 12:03:22 [verbose] : 	test verbose
18/03/2022 12:03:22 [debug] : 	test debug
18/03/2022 12:03:22 [silly] : 	test silly
18/03/2022 12:04:46 [error] : 	test error
18/03/2022 12:04:46 [warn] : 	test warning
18/03/2022 12:04:46 [info] : 	test info
18/03/2022 12:04:46 [http] : 	test http
18/03/2022 12:04:46 [verbose] : 	test verbose
18/03/2022 12:04:46 [debug] : 	test debug
18/03/2022 12:04:46 [silly] : 	test silly
18/03/2022 12:09:35 [error] : 	test error
18/03/2022 12:09:35 [warn] : 	test warning
18/03/2022 12:09:35 [info] : 	test info
18/03/2022 12:09:35 [http] : 	test http
18/03/2022 12:09:35 [verbose] : 	test verbose
18/03/2022 12:09:35 [debug] : 	test debug
18/03/2022 12:09:35 [silly] : 	test silly
18/03/2022 12:09:53 [error] : 	test error
18/03/2022 12:09:53 [warn] : 	test warning
18/03/2022 12:09:53 [info] : 	test info
18/03/2022 12:09:53 [http] : 	test http
18/03/2022 12:09:53 [verbose] : 	test verbose
18/03/2022 12:09:53 [debug] : 	test debug
18/03/2022 12:09:53 [silly] : 	test silly
18/03/2022 12:11:11 [error] : 	test error
18/03/2022 12:11:11 [warn] : 	test warning
18/03/2022 12:11:11 [info] : 	test info
18/03/2022 12:11:11 [http] : 	test http
18/03/2022 12:11:11 [verbose] : 	test verbose
18/03/2022 12:11:11 [debug] : 	test debug
18/03/2022 12:11:11 [silly] : 	test silly
18/03/2022 12:12:00 [error] : 	test error
18/03/2022 12:12:00 [warn] : 	test warning
18/03/2022 12:12:00 [info] : 	test info
18/03/2022 12:12:00 [http] : 	test http
18/03/2022 12:12:00 [verbose] : 	test verbose
18/03/2022 12:12:00 [debug] : 	test debug
18/03/2022 12:12:00 [silly] : 	test silly
18/03/2022 12:12:30 [error] : 	test error
18/03/2022 12:12:30 [warn] : 	test warning
18/03/2022 12:12:30 [info] : 	test info
18/03/2022 12:12:30 [http] : 	test http
18/03/2022 12:12:30 [verbose] : 	test verbose
18/03/2022 12:12:30 [debug] : 	test debug
18/03/2022 12:12:30 [silly] : 	test silly
18/03/2022 12:13:17 [error] : 	test error
18/03/2022 12:13:17 [warn] : 	test warning
18/03/2022 12:13:17 [info] : 	test info
18/03/2022 12:13:17 [http] : 	test http
18/03/2022 12:13:17 [verbose] : 	test verbose
18/03/2022 12:13:17 [debug] : 	test debug
18/03/2022 12:13:17 [silly] : 	test silly
18/03/2022 12:13:19 [info] : 	App listening on port 3000 , host 127.0.0.1
18/03/2022 12:14:10 [error] : 	test error
18/03/2022 12:14:10 [warn] : 	test warning
18/03/2022 12:14:10 [info] : 	test info
18/03/2022 12:14:10 [http] : 	test http
18/03/2022 12:14:10 [verbose] : 	test verbose
18/03/2022 12:14:10 [debug] : 	test debug
18/03/2022 12:14:10 [silly] : 	test silly
18/03/2022 12:14:12 [info] : 	App listening on port 3000 , host 127.0.0.1
18/03/2022 12:14:57 [error] : 	test error
18/03/2022 12:14:57 [warn] : 	test warning
18/03/2022 12:14:57 [info] : 	test info
18/03/2022 12:14:57 [http] : 	test http
18/03/2022 12:14:57 [verbose] : 	test verbose
18/03/2022 12:14:57 [debug] : 	test debug
18/03/2022 12:14:57 [silly] : 	test silly
18/03/2022 12:14:59 [info] : 	App listening on port 3000 , host 127.0.0.1
18/03/2022 12:16:29 [error] : 	test error
18/03/2022 12:16:29 [warn] : 	test warning
18/03/2022 12:16:29 [info] : 	test info
18/03/2022 12:16:29 [http] : 	test http
18/03/2022 12:16:29 [verbose] : 	test verbose
18/03/2022 12:16:29 [debug] : 	test debug
18/03/2022 12:16:29 [silly] : 	test silly
18/03/2022 12:16:51 [error] : 	test error
18/03/2022 12:16:51 [warn] : 	test warning
18/03/2022 12:16:51 [info] : 	test info
18/03/2022 12:16:51 [http] : 	test http
18/03/2022 12:16:51 [verbose] : 	test verbose
18/03/2022 12:16:51 [debug] : 	test debug
18/03/2022 12:16:51 [silly] : 	test silly
18/03/2022 12:21:09 [error] : 	test error
18/03/2022 12:21:09 [warn] : 	test warning
18/03/2022 12:21:09 [info] : 	test info
18/03/2022 12:21:09 [http] : 	test http
18/03/2022 12:21:09 [verbose] : 	test verbose
18/03/2022 12:21:09 [debug] : 	test debug
18/03/2022 12:21:09 [silly] : 	test silly
18/03/2022 12:21:10 [info] : 	App listening on port 3000 , host 127.0.0.1
18/03/2022 12:24:32 [error] : 	test error
18/03/2022 12:24:32 [warn] : 	test warning
18/03/2022 12:24:32 [info] : 	test info
18/03/2022 12:24:32 [http] : 	test http
18/03/2022 12:24:32 [verbose] : 	test verbose
18/03/2022 12:24:32 [debug] : 	test debug
18/03/2022 12:24:32 [silly] : 	test silly
18/03/2022 12:24:34 [info] : 	App listening on port 3000 , host 127.0.0.1
18/03/2022 12:24:55 [error] : 	test error
18/03/2022 12:24:55 [warn] : 	test warning
18/03/2022 12:24:55 [info] : 	test info
18/03/2022 12:24:55 [http] : 	test http
18/03/2022 12:24:55 [verbose] : 	test verbose
18/03/2022 12:24:55 [debug] : 	test debug
18/03/2022 12:24:55 [silly] : 	test silly
18/03/2022 12:25:25 [error] : 	test error
18/03/2022 12:25:25 [warn] : 	test warning
18/03/2022 12:25:25 [info] : 	test info
18/03/2022 12:25:25 [http] : 	test http
18/03/2022 12:25:25 [verbose] : 	test verbose
18/03/2022 12:25:25 [debug] : 	test debug
18/03/2022 12:25:25 [silly] : 	test silly
18/03/2022 12:25:27 [info] : 	App listening on port 3000 , host 127.0.0.1
18/03/2022 12:27:26 [error] : 	test error
18/03/2022 12:27:26 [warn] : 	test warning
18/03/2022 12:27:26 [info] : 	test info
18/03/2022 12:27:26 [http] : 	test http
18/03/2022 12:27:26 [verbose] : 	test verbose
18/03/2022 12:27:26 [debug] : 	test debug
18/03/2022 12:27:26 [silly] : 	test silly
18/03/2022 12:28:17 [error] : 	test error
18/03/2022 12:28:17 [warn] : 	test warning
18/03/2022 12:28:17 [info] : 	test info
18/03/2022 12:28:17 [http] : 	test http
18/03/2022 12:28:17 [verbose] : 	test verbose
18/03/2022 12:28:17 [debug] : 	test debug
18/03/2022 12:28:17 [silly] : 	test silly
18/03/2022 12:36:51 [error] : 	test error
18/03/2022 12:36:51 [warn] : 	test warning
18/03/2022 12:36:51 [info] : 	test info
18/03/2022 12:36:51 [http] : 	test http
18/03/2022 12:36:51 [verbose] : 	test verbose
18/03/2022 12:36:51 [debug] : 	test debug
18/03/2022 12:36:51 [silly] : 	test silly
18/03/2022 12:36:54 [info] : 	App listening on port 3000 , host 127.0.0.1
18/03/2022 12:37:13 [error] : 	test error
18/03/2022 12:37:13 [warn] : 	test warning
18/03/2022 12:37:13 [info] : 	test info
18/03/2022 12:37:13 [http] : 	test http
18/03/2022 12:37:13 [verbose] : 	test verbose
18/03/2022 12:37:13 [debug] : 	test debug
18/03/2022 12:37:13 [silly] : 	test silly
18/03/2022 12:38:21 [error] : 	test error
18/03/2022 12:38:21 [warn] : 	test warning
18/03/2022 12:38:21 [info] : 	test info
18/03/2022 12:38:21 [http] : 	test http
18/03/2022 12:38:21 [verbose] : 	test verbose
18/03/2022 12:38:21 [debug] : 	test debug
18/03/2022 12:38:21 [silly] : 	test silly
18/03/2022 12:40:19 [error] : 	test error
18/03/2022 12:40:19 [warn] : 	test warning
18/03/2022 12:40:19 [info] : 	test info
18/03/2022 12:40:19 [http] : 	test http
18/03/2022 12:40:19 [verbose] : 	test verbose
18/03/2022 12:40:19 [debug] : 	test debug
18/03/2022 12:40:19 [silly] : 	test silly
18/03/2022 12:40:21 [info] : 	App listening on port 3000 , host 127.0.0.1
18/03/2022 12:45:42 [error] : 	test error
18/03/2022 12:45:42 [warn] : 	test warning
18/03/2022 12:45:42 [info] : 	test info
18/03/2022 12:45:42 [http] : 	test http
18/03/2022 12:45:42 [verbose] : 	test verbose
18/03/2022 12:45:42 [debug] : 	test debug
18/03/2022 12:45:42 [silly] : 	test silly
18/03/2022 12:45:45 [info] : 	App listening on port 3000 , host 127.0.0.1
18/03/2022 12:47:54 [error] : 	test error
18/03/2022 12:47:54 [warn] : 	test warning
18/03/2022 12:47:54 [info] : 	test info
18/03/2022 12:47:54 [http] : 	test http
18/03/2022 12:47:54 [verbose] : 	test verbose
18/03/2022 12:47:54 [debug] : 	test debug
18/03/2022 12:47:54 [silly] : 	test silly
18/03/2022 12:47:57 [info] : 	App listening on port 3000 , host 127.0.0.1
18/03/2022 12:48:18 [error] : 	test error
18/03/2022 12:48:18 [warn] : 	test warning
18/03/2022 12:48:18 [info] : 	test info
18/03/2022 12:48:18 [http] : 	test http
18/03/2022 12:48:18 [verbose] : 	test verbose
18/03/2022 12:48:18 [debug] : 	test debug
18/03/2022 12:48:18 [silly] : 	test silly
18/03/2022 12:48:20 [info] : 	App listening on port 3000 , host 127.0.0.1
18/03/2022 12:49:26 [error] : 	test error
18/03/2022 12:49:26 [warn] : 	test warning
18/03/2022 12:49:26 [info] : 	test info
18/03/2022 12:49:26 [http] : 	test http
18/03/2022 12:49:26 [verbose] : 	test verbose
18/03/2022 12:49:26 [debug] : 	test debug
18/03/2022 12:49:26 [silly] : 	test silly
18/03/2022 12:49:28 [info] : 	App listening on port 3000 , host 127.0.0.1
18/03/2022 12:51:16 [error] : 	test error
18/03/2022 12:51:16 [warn] : 	test warning
18/03/2022 12:51:16 [info] : 	test info
18/03/2022 12:51:16 [http] : 	test http
18/03/2022 12:51:16 [verbose] : 	test verbose
18/03/2022 12:51:16 [debug] : 	test debug
18/03/2022 12:51:16 [silly] : 	test silly
18/03/2022 12:51:18 [info] : 	App listening on port 3000 , host 127.0.0.1
18/03/2022 12:53:31 [error] : 	test error
18/03/2022 12:53:31 [warn] : 	test warning
18/03/2022 12:53:31 [info] : 	test info
18/03/2022 12:53:31 [http] : 	test http
18/03/2022 12:53:31 [verbose] : 	test verbose
18/03/2022 12:53:31 [debug] : 	test debug
18/03/2022 12:53:31 [silly] : 	test silly
18/03/2022 12:53:33 [info] : 	App listening on port 3000 , host 127.0.0.1
18/03/2022 12:53:50 [error] : 	test error
18/03/2022 12:53:50 [warn] : 	test warning
18/03/2022 12:53:50 [info] : 	test info
18/03/2022 12:53:50 [http] : 	test http
18/03/2022 12:53:50 [verbose] : 	test verbose
18/03/2022 12:53:50 [debug] : 	test debug
18/03/2022 12:53:50 [silly] : 	test silly
18/03/2022 12:53:53 [info] : 	App listening on port 3000 , host 127.0.0.1
18/03/2022 12:54:37 [error] : 	test error
18/03/2022 12:54:37 [warn] : 	test warning
18/03/2022 12:54:37 [info] : 	test info
18/03/2022 12:54:37 [http] : 	test http
18/03/2022 12:54:37 [verbose] : 	test verbose
18/03/2022 12:54:37 [debug] : 	test debug
18/03/2022 12:54:37 [silly] : 	test silly
18/03/2022 12:54:39 [info] : 	App listening on port 3000 , host 127.0.0.1
18/03/2022 12:55:00 [error] : 	test error
18/03/2022 12:55:00 [warn] : 	test warning
18/03/2022 12:55:00 [info] : 	test info
18/03/2022 12:55:00 [http] : 	test http
18/03/2022 12:55:00 [verbose] : 	test verbose
18/03/2022 12:55:00 [debug] : 	test debug
18/03/2022 12:55:00 [silly] : 	test silly
18/03/2022 12:55:02 [info] : 	App listening on port 3000 , host 127.0.0.1
18/03/2022 12:56:20 [error] : 	test error
18/03/2022 12:56:20 [warn] : 	test warning
18/03/2022 12:56:20 [info] : 	test info
18/03/2022 12:56:20 [http] : 	test http
18/03/2022 12:56:20 [verbose] : 	test verbose
18/03/2022 12:56:20 [debug] : 	test debug
18/03/2022 12:56:20 [silly] : 	test silly
18/03/2022 12:56:22 [info] : 	App listening on port 3000 , host 127.0.0.1
18/03/2022 12:57:06 [error] : 	test error
18/03/2022 12:57:06 [warn] : 	test warning
18/03/2022 12:57:06 [info] : 	test info
18/03/2022 12:57:06 [http] : 	test http
18/03/2022 12:57:06 [verbose] : 	test verbose
18/03/2022 12:57:06 [debug] : 	test debug
18/03/2022 12:57:06 [silly] : 	test silly
18/03/2022 12:57:09 [info] : 	App listening on port 3000 , host 127.0.0.1
18/03/2022 12:57:39 [error] : 	test error
18/03/2022 12:57:39 [warn] : 	test warning
18/03/2022 12:57:39 [info] : 	test info
18/03/2022 12:57:39 [http] : 	test http
18/03/2022 12:57:39 [verbose] : 	test verbose
18/03/2022 12:57:39 [debug] : 	test debug
18/03/2022 12:57:39 [silly] : 	test silly
18/03/2022 12:57:41 [info] : 	App listening on port 3000 , host 127.0.0.1
18/03/2022 12:57:55 [error] : 	test error
18/03/2022 12:57:55 [warn] : 	test warning
18/03/2022 12:57:55 [info] : 	test info
18/03/2022 12:57:55 [http] : 	test http
18/03/2022 12:57:55 [verbose] : 	test verbose
18/03/2022 12:57:55 [debug] : 	test debug
18/03/2022 12:57:55 [silly] : 	test silly
18/03/2022 12:57:58 [info] : 	App listening on port 3000 , host 127.0.0.1
18/03/2022 12:59:30 [error] : 	test error
18/03/2022 12:59:30 [warn] : 	test warning
18/03/2022 12:59:30 [info] : 	test info
18/03/2022 12:59:30 [http] : 	test http
18/03/2022 12:59:30 [verbose] : 	test verbose
18/03/2022 12:59:30 [debug] : 	test debug
18/03/2022 12:59:30 [silly] : 	test silly
18/03/2022 12:59:33 [info] : 	App listening on port 3000 , host 127.0.0.1
18/03/2022 12:59:53 [error] : 	test error
18/03/2022 12:59:53 [warn] : 	test warning
18/03/2022 12:59:53 [info] : 	test info
18/03/2022 12:59:53 [http] : 	test http
18/03/2022 12:59:53 [verbose] : 	test verbose
18/03/2022 12:59:53 [debug] : 	test debug
18/03/2022 12:59:53 [silly] : 	test silly
18/03/2022 12:59:55 [info] : 	App listening on port 3000 , host 127.0.0.1
18/03/2022 01:00:13 [error] : 	test error
18/03/2022 01:00:13 [warn] : 	test warning
18/03/2022 01:00:13 [info] : 	test info
18/03/2022 01:00:13 [http] : 	test http
18/03/2022 01:00:13 [verbose] : 	test verbose
18/03/2022 01:00:13 [debug] : 	test debug
18/03/2022 01:00:13 [silly] : 	test silly
18/03/2022 01:00:15 [info] : 	App listening on port 3000 , host 127.0.0.1
18/03/2022 01:00:46 [error] : 	test error
18/03/2022 01:00:46 [warn] : 	test warning
18/03/2022 01:00:46 [info] : 	test info
18/03/2022 01:00:46 [http] : 	test http
18/03/2022 01:00:46 [verbose] : 	test verbose
18/03/2022 01:00:46 [debug] : 	test debug
18/03/2022 01:00:46 [silly] : 	test silly
18/03/2022 01:00:48 [info] : 	App listening on port 3000 , host 127.0.0.1
18/03/2022 01:01:12 [error] : 	test error
18/03/2022 01:01:12 [warn] : 	test warning
18/03/2022 01:01:12 [info] : 	test info
18/03/2022 01:01:12 [http] : 	test http
18/03/2022 01:01:12 [verbose] : 	test verbose
18/03/2022 01:01:12 [debug] : 	test debug
18/03/2022 01:01:12 [silly] : 	test silly
18/03/2022 01:01:14 [info] : 	App listening on port 3000 , host 127.0.0.1
18/03/2022 01:02:12 [error] : 	test error
18/03/2022 01:02:12 [warn] : 	test warning
18/03/2022 01:02:12 [info] : 	test info
18/03/2022 01:02:12 [http] : 	test http
18/03/2022 01:02:12 [verbose] : 	test verbose
18/03/2022 01:02:12 [debug] : 	test debug
18/03/2022 01:02:12 [silly] : 	test silly
18/03/2022 01:02:14 [info] : 	App listening on port 3000 , host 127.0.0.1
18/03/2022 01:02:48 [error] : 	test error
18/03/2022 01:02:48 [warn] : 	test warning
18/03/2022 01:02:48 [info] : 	test info
18/03/2022 01:02:48 [http] : 	test http
18/03/2022 01:02:48 [verbose] : 	test verbose
18/03/2022 01:02:48 [debug] : 	test debug
18/03/2022 01:02:48 [silly] : 	test silly
18/03/2022 01:02:51 [info] : 	App listening on port 3000 , host 127.0.0.1
18/03/2022 01:04:36 [error] : 	test error
18/03/2022 01:04:36 [warn] : 	test warning
18/03/2022 01:04:36 [info] : 	test info
18/03/2022 01:04:36 [http] : 	test http
18/03/2022 01:04:36 [verbose] : 	test verbose
18/03/2022 01:04:36 [debug] : 	test debug
18/03/2022 01:04:36 [silly] : 	test silly
18/03/2022 01:04:39 [info] : 	App listening on port 3000 , host 127.0.0.1
18/03/2022 01:05:35 [error] : 	test error
18/03/2022 01:05:35 [warn] : 	test warning
18/03/2022 01:05:35 [info] : 	test info
18/03/2022 01:05:35 [http] : 	test http
18/03/2022 01:05:35 [verbose] : 	test verbose
18/03/2022 01:05:35 [debug] : 	test debug
18/03/2022 01:05:35 [silly] : 	test silly
18/03/2022 01:05:37 [info] : 	App listening on port 3000 , host 127.0.0.1
18/03/2022 01:06:03 [error] : 	test error
18/03/2022 01:06:03 [warn] : 	test warning
18/03/2022 01:06:03 [info] : 	test info
18/03/2022 01:06:03 [http] : 	test http
18/03/2022 01:06:03 [verbose] : 	test verbose
18/03/2022 01:06:03 [debug] : 	test debug
18/03/2022 01:06:03 [silly] : 	test silly
18/03/2022 01:06:05 [info] : 	App listening on port 3000 , host 127.0.0.1
18/03/2022 01:06:51 [error] : 	test error
18/03/2022 01:06:51 [warn] : 	test warning
18/03/2022 01:06:51 [info] : 	test info
18/03/2022 01:06:51 [http] : 	test http
18/03/2022 01:06:51 [verbose] : 	test verbose
18/03/2022 01:06:51 [debug] : 	test debug
18/03/2022 01:06:51 [silly] : 	test silly
18/03/2022 01:06:53 [info] : 	App listening on port 3000 , host 127.0.0.1
18/03/2022 01:07:14 [error] : 	test error
18/03/2022 01:07:14 [warn] : 	test warning
18/03/2022 01:07:14 [info] : 	test info
18/03/2022 01:07:14 [http] : 	test http
18/03/2022 01:07:14 [verbose] : 	test verbose
18/03/2022 01:07:14 [debug] : 	test debug
18/03/2022 01:07:14 [silly] : 	test silly
18/03/2022 01:07:17 [info] : 	App listening on port 3000 , host 127.0.0.1
18/03/2022 01:08:32 [error] : 	test error
18/03/2022 01:08:32 [warn] : 	test warning
18/03/2022 01:08:32 [info] : 	test info
18/03/2022 01:08:32 [http] : 	test http
18/03/2022 01:08:32 [verbose] : 	test verbose
18/03/2022 01:08:32 [debug] : 	test debug
18/03/2022 01:08:32 [silly] : 	test silly
18/03/2022 01:08:34 [info] : 	App listening on port 3000 , host 127.0.0.1
18/03/2022 01:25:37 [error] : 	test error
18/03/2022 01:25:37 [warn] : 	test warning
18/03/2022 01:25:37 [info] : 	test info
18/03/2022 01:25:37 [http] : 	test http
18/03/2022 01:25:37 [verbose] : 	test verbose
18/03/2022 01:25:37 [debug] : 	test debug
18/03/2022 01:25:37 [silly] : 	test silly
18/03/2022 01:25:39 [info] : 	App listening on port 3000 , host 127.0.0.1
18/03/2022 01:26:24 [error] : 	test error
18/03/2022 01:26:24 [warn] : 	test warning
18/03/2022 01:26:24 [info] : 	test info
18/03/2022 01:26:24 [http] : 	test http
18/03/2022 01:26:24 [verbose] : 	test verbose
18/03/2022 01:26:24 [debug] : 	test debug
18/03/2022 01:26:24 [silly] : 	test silly
18/03/2022 01:26:27 [info] : 	App listening on port 3000 , host 127.0.0.1
18/03/2022 01:27:04 [error] : 	test error
18/03/2022 01:27:04 [warn] : 	test warning
18/03/2022 01:27:04 [info] : 	test info
18/03/2022 01:27:04 [http] : 	test http
18/03/2022 01:27:04 [verbose] : 	test verbose
18/03/2022 01:27:04 [debug] : 	test debug
18/03/2022 01:27:04 [silly] : 	test silly
18/03/2022 01:27:06 [info] : 	App listening on port 3000 , host 127.0.0.1
18/03/2022 01:27:16 [error] : 	test error
18/03/2022 01:27:16 [warn] : 	test warning
18/03/2022 01:27:16 [info] : 	test info
18/03/2022 01:27:16 [http] : 	test http
18/03/2022 01:27:16 [verbose] : 	test verbose
18/03/2022 01:27:16 [debug] : 	test debug
18/03/2022 01:27:16 [silly] : 	test silly
18/03/2022 01:27:18 [info] : 	App listening on port 3000 , host 127.0.0.1
18/03/2022 01:27:56 [error] : 	test error
18/03/2022 01:27:56 [warn] : 	test warning
18/03/2022 01:27:56 [info] : 	test info
18/03/2022 01:27:56 [http] : 	test http
18/03/2022 01:27:56 [verbose] : 	test verbose
18/03/2022 01:27:56 [debug] : 	test debug
18/03/2022 01:27:56 [silly] : 	test silly
18/03/2022 01:27:58 [info] : 	App listening on port 3000 , host 127.0.0.1
18/03/2022 01:30:27 [error] : 	test error
18/03/2022 01:30:27 [warn] : 	test warning
18/03/2022 01:30:27 [info] : 	test info
18/03/2022 01:30:27 [http] : 	test http
18/03/2022 01:30:27 [verbose] : 	test verbose
18/03/2022 01:30:27 [debug] : 	test debug
18/03/2022 01:30:27 [silly] : 	test silly
18/03/2022 01:30:30 [info] : 	App listening on port 3000 , host 127.0.0.1
18/03/2022 01:33:58 [error] : 	test error
18/03/2022 01:33:58 [warn] : 	test warning
18/03/2022 01:33:58 [info] : 	test info
18/03/2022 01:33:58 [http] : 	test http
18/03/2022 01:33:58 [verbose] : 	test verbose
18/03/2022 01:33:58 [debug] : 	test debug
18/03/2022 01:33:58 [silly] : 	test silly
18/03/2022 01:34:01 [info] : 	App listening on port 3000 , host 127.0.0.1
18/03/2022 01:34:57 [error] : 	test error
18/03/2022 01:34:57 [warn] : 	test warning
18/03/2022 01:34:57 [info] : 	test info
18/03/2022 01:34:57 [http] : 	test http
18/03/2022 01:34:57 [verbose] : 	test verbose
18/03/2022 01:34:57 [debug] : 	test debug
18/03/2022 01:34:57 [silly] : 	test silly
18/03/2022 01:34:59 [info] : 	App listening on port 3000 , host 127.0.0.1
18/03/2022 01:38:02 [error] : 	test error
18/03/2022 01:38:02 [warn] : 	test warning
18/03/2022 01:38:02 [info] : 	test info
18/03/2022 01:38:02 [http] : 	test http
18/03/2022 01:38:02 [verbose] : 	test verbose
18/03/2022 01:38:02 [debug] : 	test debug
18/03/2022 01:38:02 [silly] : 	test silly
18/03/2022 01:38:05 [info] : 	App listening on port 3000 , host 127.0.0.1
18/03/2022 01:41:56 [error] : 	test error
18/03/2022 01:41:56 [warn] : 	test warning
18/03/2022 01:41:56 [info] : 	test info
18/03/2022 01:41:56 [http] : 	test http
18/03/2022 01:41:56 [verbose] : 	test verbose
18/03/2022 01:41:56 [debug] : 	test debug
18/03/2022 01:41:56 [silly] : 	test silly
18/03/2022 01:41:59 [info] : 	App listening on port 3000 , host 127.0.0.1
18/03/2022 01:42:26 [error] : 	test error
18/03/2022 01:42:26 [warn] : 	test warning
18/03/2022 01:42:26 [info] : 	test info
18/03/2022 01:42:26 [http] : 	test http
18/03/2022 01:42:26 [verbose] : 	test verbose
18/03/2022 01:42:26 [debug] : 	test debug
18/03/2022 01:42:26 [silly] : 	test silly
18/03/2022 01:42:28 [info] : 	App listening on port 3000 , host 127.0.0.1
18/03/2022 01:50:40 [error] : 	test error
18/03/2022 01:50:40 [warn] : 	test warning
18/03/2022 01:50:40 [info] : 	test info
18/03/2022 01:50:40 [http] : 	test http
18/03/2022 01:50:40 [verbose] : 	test verbose
18/03/2022 01:50:40 [debug] : 	test debug
18/03/2022 01:50:40 [silly] : 	test silly
18/03/2022 01:50:42 [info] : 	App listening on port 3000 , host 127.0.0.1
18/03/2022 01:51:31 [error] : 	test error
18/03/2022 01:51:31 [warn] : 	test warning
18/03/2022 01:51:31 [info] : 	test info
18/03/2022 01:51:31 [http] : 	test http
18/03/2022 01:51:31 [verbose] : 	test verbose
18/03/2022 01:51:31 [debug] : 	test debug
18/03/2022 01:51:31 [silly] : 	test silly
18/03/2022 01:51:33 [info] : 	App listening on port 3000 , host 127.0.0.1
18/03/2022 01:51:48 [error] : 	test error
18/03/2022 01:51:48 [warn] : 	test warning
18/03/2022 01:51:48 [info] : 	test info
18/03/2022 01:51:48 [http] : 	test http
18/03/2022 01:51:48 [verbose] : 	test verbose
18/03/2022 01:51:48 [debug] : 	test debug
18/03/2022 01:51:48 [silly] : 	test silly
18/03/2022 01:51:51 [info] : 	App listening on port 3000 , host 127.0.0.1
18/03/2022 01:52:36 [error] : 	test error
18/03/2022 01:52:36 [warn] : 	test warning
18/03/2022 01:52:36 [info] : 	test info
18/03/2022 01:52:36 [http] : 	test http
18/03/2022 01:52:36 [verbose] : 	test verbose
18/03/2022 01:52:36 [debug] : 	test debug
18/03/2022 01:52:36 [silly] : 	test silly
18/03/2022 01:52:38 [info] : 	App listening on port 3000 , host 127.0.0.1
18/03/2022 02:04:30 [error] : 	test error
18/03/2022 02:04:30 [warn] : 	test warning
18/03/2022 02:04:30 [info] : 	test info
18/03/2022 02:04:30 [http] : 	test http
18/03/2022 02:04:30 [verbose] : 	test verbose
18/03/2022 02:04:30 [debug] : 	test debug
18/03/2022 02:04:30 [silly] : 	test silly
18/03/2022 02:04:33 [info] : 	App listening on port 3000 , host 127.0.0.1
18/03/2022 02:05:21 [error] : 	test error
18/03/2022 02:05:21 [warn] : 	test warning
18/03/2022 02:05:21 [info] : 	test info
18/03/2022 02:05:21 [http] : 	test http
18/03/2022 02:05:21 [verbose] : 	test verbose
18/03/2022 02:05:21 [debug] : 	test debug
18/03/2022 02:05:21 [silly] : 	test silly
18/03/2022 02:05:23 [info] : 	App listening on port 3000 , host 127.0.0.1
18/03/2022 02:30:02 [error] : 	test error
18/03/2022 02:30:02 [warn] : 	test warning
18/03/2022 02:30:02 [info] : 	test info
18/03/2022 02:30:02 [http] : 	test http
18/03/2022 02:30:02 [verbose] : 	test verbose
18/03/2022 02:30:02 [debug] : 	test debug
18/03/2022 02:30:02 [silly] : 	test silly
18/03/2022 02:30:04 [info] : 	App listening on port 3000 , host 127.0.0.1
18/03/2022 02:36:24 [error] : 	test error
18/03/2022 02:36:24 [warn] : 	test warning
18/03/2022 02:36:24 [info] : 	test info
18/03/2022 02:36:24 [http] : 	test http
18/03/2022 02:36:24 [verbose] : 	test verbose
18/03/2022 02:36:24 [debug] : 	test debug
18/03/2022 02:36:24 [silly] : 	test silly
18/03/2022 02:36:26 [info] : 	App listening on port 3000 , host 127.0.0.1
18/03/2022 02:37:58 [error] : 	test error
18/03/2022 02:37:58 [warn] : 	test warning
18/03/2022 02:37:58 [info] : 	test info
18/03/2022 02:37:58 [http] : 	test http
18/03/2022 02:37:58 [verbose] : 	test verbose
18/03/2022 02:37:58 [debug] : 	test debug
18/03/2022 02:37:58 [silly] : 	test silly
18/03/2022 02:38:00 [info] : 	App listening on port 3000 , host 127.0.0.1
18/03/2022 02:38:30 [error] : 	test error
18/03/2022 02:38:30 [warn] : 	test warning
18/03/2022 02:38:30 [info] : 	test info
18/03/2022 02:38:30 [http] : 	test http
18/03/2022 02:38:30 [verbose] : 	test verbose
18/03/2022 02:38:30 [debug] : 	test debug
18/03/2022 02:38:30 [silly] : 	test silly
18/03/2022 02:38:33 [info] : 	App listening on port 3000 , host 127.0.0.1
18/03/2022 02:39:11 [error] : 	test error
18/03/2022 02:39:11 [warn] : 	test warning
18/03/2022 02:39:11 [info] : 	test info
18/03/2022 02:39:11 [http] : 	test http
18/03/2022 02:39:11 [verbose] : 	test verbose
18/03/2022 02:39:11 [debug] : 	test debug
18/03/2022 02:39:11 [silly] : 	test silly
18/03/2022 02:39:13 [info] : 	App listening on port 3000 , host 127.0.0.1
18/03/2022 02:48:58 [error] : 	test error
18/03/2022 02:48:58 [warn] : 	test warning
18/03/2022 02:48:58 [info] : 	test info
18/03/2022 02:48:58 [http] : 	test http
18/03/2022 02:48:58 [verbose] : 	test verbose
18/03/2022 02:48:58 [debug] : 	test debug
18/03/2022 02:48:58 [silly] : 	test silly
18/03/2022 02:49:01 [info] : 	App listening on port 3000 , host 127.0.0.1
18/03/2022 02:49:19 [error] : 	test error
18/03/2022 02:49:19 [warn] : 	test warning
18/03/2022 02:49:19 [info] : 	test info
18/03/2022 02:49:19 [http] : 	test http
18/03/2022 02:49:19 [verbose] : 	test verbose
18/03/2022 02:49:19 [debug] : 	test debug
18/03/2022 02:49:19 [silly] : 	test silly
18/03/2022 02:49:21 [info] : 	App listening on port 3000 , host 127.0.0.1
18/03/2022 02:49:34 [error] : 	test error
18/03/2022 02:49:34 [warn] : 	test warning
18/03/2022 02:49:34 [info] : 	test info
18/03/2022 02:49:34 [http] : 	test http
18/03/2022 02:49:34 [verbose] : 	test verbose
18/03/2022 02:49:34 [debug] : 	test debug
18/03/2022 02:49:34 [silly] : 	test silly
18/03/2022 02:49:36 [info] : 	App listening on port 3000 , host 127.0.0.1
18/03/2022 02:58:34 [error] : 	test error
18/03/2022 02:58:34 [warn] : 	test warning
18/03/2022 02:58:34 [info] : 	test info
18/03/2022 02:58:34 [http] : 	test http
18/03/2022 02:58:34 [verbose] : 	test verbose
18/03/2022 02:58:34 [debug] : 	test debug
18/03/2022 02:58:34 [silly] : 	test silly
18/03/2022 02:58:36 [info] : 	App listening on port 3000 , host 127.0.0.1
18/03/2022 02:59:31 [error] : 	test error
18/03/2022 02:59:31 [warn] : 	test warning
18/03/2022 02:59:31 [info] : 	test info
18/03/2022 02:59:31 [http] : 	test http
18/03/2022 02:59:31 [verbose] : 	test verbose
18/03/2022 02:59:31 [debug] : 	test debug
18/03/2022 02:59:31 [silly] : 	test silly
18/03/2022 02:59:33 [info] : 	App listening on port 3000 , host 127.0.0.1
18/03/2022 03:00:22 [error] : 	test error
18/03/2022 03:00:22 [warn] : 	test warning
18/03/2022 03:00:22 [info] : 	test info
18/03/2022 03:00:22 [http] : 	test http
18/03/2022 03:00:22 [verbose] : 	test verbose
18/03/2022 03:00:22 [debug] : 	test debug
18/03/2022 03:00:22 [silly] : 	test silly
18/03/2022 03:00:25 [info] : 	App listening on port 3000 , host 127.0.0.1
18/03/2022 03:00:58 [error] : 	test error
18/03/2022 03:00:58 [warn] : 	test warning
18/03/2022 03:00:58 [info] : 	test info
18/03/2022 03:00:58 [http] : 	test http
18/03/2022 03:00:58 [verbose] : 	test verbose
18/03/2022 03:00:58 [debug] : 	test debug
18/03/2022 03:00:58 [silly] : 	test silly
18/03/2022 03:01:01 [info] : 	App listening on port 3000 , host 127.0.0.1
18/03/2022 03:06:35 [error] : 	test error
18/03/2022 03:06:35 [warn] : 	test warning
18/03/2022 03:06:35 [info] : 	test info
18/03/2022 03:06:35 [http] : 	test http
18/03/2022 03:06:35 [verbose] : 	test verbose
18/03/2022 03:06:35 [debug] : 	test debug
18/03/2022 03:06:35 [silly] : 	test silly
18/03/2022 03:06:38 [info] : 	App listening on port 3000 , host 127.0.0.1
18/03/2022 03:09:16 [error] : 	test error
18/03/2022 03:09:16 [warn] : 	test warning
18/03/2022 03:09:16 [info] : 	test info
18/03/2022 03:09:16 [http] : 	test http
18/03/2022 03:09:16 [verbose] : 	test verbose
18/03/2022 03:09:16 [debug] : 	test debug
18/03/2022 03:09:16 [silly] : 	test silly
18/03/2022 03:09:18 [info] : 	App listening on port 3000 , host 127.0.0.1
18/03/2022 03:09:39 [error] : 	test error
18/03/2022 03:09:39 [warn] : 	test warning
18/03/2022 03:09:39 [info] : 	test info
18/03/2022 03:09:39 [http] : 	test http
18/03/2022 03:09:39 [verbose] : 	test verbose
18/03/2022 03:09:39 [debug] : 	test debug
18/03/2022 03:09:39 [silly] : 	test silly
18/03/2022 03:09:42 [info] : 	App listening on port 3000 , host 127.0.0.1
18/03/2022 03:11:03 [error] : 	test error
18/03/2022 03:11:03 [warn] : 	test warning
18/03/2022 03:11:03 [info] : 	test info
18/03/2022 03:11:03 [http] : 	test http
18/03/2022 03:11:03 [verbose] : 	test verbose
18/03/2022 03:11:03 [debug] : 	test debug
18/03/2022 03:11:03 [silly] : 	test silly
18/03/2022 03:11:06 [info] : 	App listening on port 3000 , host 127.0.0.1
18/03/2022 03:12:35 [error] : 	test error
18/03/2022 03:12:35 [warn] : 	test warning
18/03/2022 03:12:35 [info] : 	test info
18/03/2022 03:12:35 [http] : 	test http
18/03/2022 03:12:35 [verbose] : 	test verbose
18/03/2022 03:12:35 [debug] : 	test debug
18/03/2022 03:12:35 [silly] : 	test silly
18/03/2022 03:12:37 [info] : 	App listening on port 3000 , host 127.0.0.1
18/03/2022 03:13:17 [error] : 	test error
18/03/2022 03:13:17 [warn] : 	test warning
18/03/2022 03:13:17 [info] : 	test info
18/03/2022 03:13:17 [http] : 	test http
18/03/2022 03:13:17 [verbose] : 	test verbose
18/03/2022 03:13:17 [debug] : 	test debug
18/03/2022 03:13:17 [silly] : 	test silly
18/03/2022 03:13:20 [info] : 	App listening on port 3000 , host 127.0.0.1
18/03/2022 03:15:25 [error] : 	test error
18/03/2022 03:15:25 [warn] : 	test warning
18/03/2022 03:15:25 [info] : 	test info
18/03/2022 03:15:25 [http] : 	test http
18/03/2022 03:15:25 [verbose] : 	test verbose
18/03/2022 03:15:25 [debug] : 	test debug
18/03/2022 03:15:25 [silly] : 	test silly
18/03/2022 03:15:27 [info] : 	App listening on port 3000 , host 127.0.0.1
18/03/2022 03:17:52 [error] : 	test error
18/03/2022 03:17:52 [warn] : 	test warning
18/03/2022 03:17:52 [info] : 	test info
18/03/2022 03:17:52 [http] : 	test http
18/03/2022 03:17:52 [verbose] : 	test verbose
18/03/2022 03:17:52 [debug] : 	test debug
18/03/2022 03:17:52 [silly] : 	test silly
18/03/2022 03:17:54 [info] : 	App listening on port 3000 , host 127.0.0.1
18/03/2022 03:21:05 [error] : 	test error
18/03/2022 03:21:05 [warn] : 	test warning
18/03/2022 03:21:05 [info] : 	test info
18/03/2022 03:21:05 [http] : 	test http
18/03/2022 03:21:05 [verbose] : 	test verbose
18/03/2022 03:21:05 [debug] : 	test debug
18/03/2022 03:21:05 [silly] : 	test silly
18/03/2022 03:21:07 [info] : 	App listening on port 3000 , host 127.0.0.1
18/03/2022 03:23:55 [error] : 	test error
18/03/2022 03:23:55 [warn] : 	test warning
18/03/2022 03:23:55 [info] : 	test info
18/03/2022 03:23:55 [http] : 	test http
18/03/2022 03:23:55 [verbose] : 	test verbose
18/03/2022 03:23:55 [debug] : 	test debug
18/03/2022 03:23:55 [silly] : 	test silly
18/03/2022 03:23:57 [info] : 	App listening on port 3000 , host 127.0.0.1
18/03/2022 03:24:40 [error] : 	test error
18/03/2022 03:24:40 [warn] : 	test warning
18/03/2022 03:24:40 [info] : 	test info
18/03/2022 03:24:40 [http] : 	test http
18/03/2022 03:24:40 [verbose] : 	test verbose
18/03/2022 03:24:40 [debug] : 	test debug
18/03/2022 03:24:40 [silly] : 	test silly
18/03/2022 03:24:43 [info] : 	App listening on port 3000 , host 127.0.0.1
18/03/2022 03:25:06 [error] : 	test error
18/03/2022 03:25:06 [warn] : 	test warning
18/03/2022 03:25:06 [info] : 	test info
18/03/2022 03:25:06 [http] : 	test http
18/03/2022 03:25:06 [verbose] : 	test verbose
18/03/2022 03:25:06 [debug] : 	test debug
18/03/2022 03:25:06 [silly] : 	test silly
18/03/2022 03:25:08 [info] : 	App listening on port 3000 , host 127.0.0.1
18/03/2022 03:28:44 [error] : 	test error
18/03/2022 03:28:44 [warn] : 	test warning
18/03/2022 03:28:44 [info] : 	test info
18/03/2022 03:28:44 [http] : 	test http
18/03/2022 03:28:44 [verbose] : 	test verbose
18/03/2022 03:28:44 [debug] : 	test debug
18/03/2022 03:28:44 [silly] : 	test silly
18/03/2022 03:28:53 [info] : 	App listening on port 3000 , host 127.0.0.1
18/03/2022 03:30:31 [error] : 	test error
18/03/2022 03:30:31 [warn] : 	test warning
18/03/2022 03:30:31 [info] : 	test info
18/03/2022 03:30:31 [http] : 	test http
18/03/2022 03:30:31 [verbose] : 	test verbose
18/03/2022 03:30:31 [debug] : 	test debug
18/03/2022 03:30:31 [silly] : 	test silly
18/03/2022 03:30:34 [info] : 	App listening on port 3000 , host 127.0.0.1
18/03/2022 03:31:02 [error] : 	test error
18/03/2022 03:31:02 [warn] : 	test warning
18/03/2022 03:31:02 [info] : 	test info
18/03/2022 03:31:02 [http] : 	test http
18/03/2022 03:31:02 [verbose] : 	test verbose
18/03/2022 03:31:02 [debug] : 	test debug
18/03/2022 03:31:02 [silly] : 	test silly
18/03/2022 03:31:04 [info] : 	App listening on port 3000 , host 127.0.0.1
18/03/2022 03:32:04 [error] : 	test error
18/03/2022 03:32:04 [warn] : 	test warning
18/03/2022 03:32:04 [info] : 	test info
18/03/2022 03:32:04 [http] : 	test http
18/03/2022 03:32:04 [verbose] : 	test verbose
18/03/2022 03:32:04 [debug] : 	test debug
18/03/2022 03:32:04 [silly] : 	test silly
18/03/2022 03:32:06 [info] : 	App listening on port 3000 , host 127.0.0.1
18/03/2022 03:32:17 [error] : 	test error
18/03/2022 03:32:17 [warn] : 	test warning
18/03/2022 03:32:17 [info] : 	test info
18/03/2022 03:32:17 [http] : 	test http
18/03/2022 03:32:17 [verbose] : 	test verbose
18/03/2022 03:32:17 [debug] : 	test debug
18/03/2022 03:32:17 [silly] : 	test silly
18/03/2022 03:32:19 [info] : 	App listening on port 3000 , host 127.0.0.1
18/03/2022 03:32:43 [error] : 	test error
18/03/2022 03:32:43 [warn] : 	test warning
18/03/2022 03:32:43 [info] : 	test info
18/03/2022 03:32:43 [http] : 	test http
18/03/2022 03:32:43 [verbose] : 	test verbose
18/03/2022 03:32:43 [debug] : 	test debug
18/03/2022 03:32:43 [silly] : 	test silly
18/03/2022 03:32:44 [info] : 	App listening on port 3000 , host 127.0.0.1
18/03/2022 03:33:03 [error] : 	test error
18/03/2022 03:33:03 [warn] : 	test warning
18/03/2022 03:33:03 [info] : 	test info
18/03/2022 03:33:03 [http] : 	test http
18/03/2022 03:33:03 [verbose] : 	test verbose
18/03/2022 03:33:03 [debug] : 	test debug
18/03/2022 03:33:03 [silly] : 	test silly
18/03/2022 03:33:05 [info] : 	App listening on port 3000 , host 127.0.0.1
18/03/2022 03:33:49 [error] : 	test error
18/03/2022 03:33:49 [warn] : 	test warning
18/03/2022 03:33:49 [info] : 	test info
18/03/2022 03:33:49 [http] : 	test http
18/03/2022 03:33:49 [verbose] : 	test verbose
18/03/2022 03:33:49 [debug] : 	test debug
18/03/2022 03:33:49 [silly] : 	test silly
18/03/2022 03:33:54 [info] : 	App listening on port 3000 , host 127.0.0.1
18/03/2022 03:34:51 [error] : 	test error
18/03/2022 03:34:51 [warn] : 	test warning
18/03/2022 03:34:51 [info] : 	test info
18/03/2022 03:34:51 [http] : 	test http
18/03/2022 03:34:51 [verbose] : 	test verbose
18/03/2022 03:34:51 [debug] : 	test debug
18/03/2022 03:34:51 [silly] : 	test silly
18/03/2022 03:34:53 [info] : 	App listening on port 3000 , host 127.0.0.1
18/03/2022 03:35:13 [error] : 	test error
18/03/2022 03:35:13 [warn] : 	test warning
18/03/2022 03:35:13 [info] : 	test info
18/03/2022 03:35:13 [http] : 	test http
18/03/2022 03:35:13 [verbose] : 	test verbose
18/03/2022 03:35:13 [debug] : 	test debug
18/03/2022 03:35:13 [silly] : 	test silly
18/03/2022 03:35:16 [info] : 	App listening on port 3000 , host 127.0.0.1
18/03/2022 03:40:49 [error] : 	test error
18/03/2022 03:40:49 [warn] : 	test warning
18/03/2022 03:40:49 [info] : 	test info
18/03/2022 03:40:49 [http] : 	test http
18/03/2022 03:40:49 [verbose] : 	test verbose
18/03/2022 03:40:49 [debug] : 	test debug
18/03/2022 03:40:49 [silly] : 	test silly
18/03/2022 03:40:50 [info] : 	App listening on port 3000 , host 127.0.0.1
18/03/2022 03:41:26 [error] : 	test error
18/03/2022 03:41:26 [warn] : 	test warning
18/03/2022 03:41:26 [info] : 	test info
18/03/2022 03:41:26 [http] : 	test http
18/03/2022 03:41:26 [verbose] : 	test verbose
18/03/2022 03:41:26 [debug] : 	test debug
18/03/2022 03:41:26 [silly] : 	test silly
18/03/2022 03:41:29 [info] : 	App listening on port 3000 , host 127.0.0.1
18/03/2022 03:42:04 [error] : 	test error
18/03/2022 03:42:04 [warn] : 	test warning
18/03/2022 03:42:04 [info] : 	test info
18/03/2022 03:42:04 [http] : 	test http
18/03/2022 03:42:04 [verbose] : 	test verbose
18/03/2022 03:42:04 [debug] : 	test debug
18/03/2022 03:42:04 [silly] : 	test silly
18/03/2022 03:42:07 [info] : 	App listening on port 3000 , host 127.0.0.1
18/03/2022 03:43:38 [error] : 	test error
18/03/2022 03:43:38 [warn] : 	test warning
18/03/2022 03:43:38 [info] : 	test info
18/03/2022 03:43:38 [http] : 	test http
18/03/2022 03:43:38 [verbose] : 	test verbose
18/03/2022 03:43:38 [debug] : 	test debug
18/03/2022 03:43:38 [silly] : 	test silly
18/03/2022 03:43:41 [info] : 	App listening on port 3000 , host 127.0.0.1
18/03/2022 03:43:51 [error] : 	test error
18/03/2022 03:43:51 [warn] : 	test warning
18/03/2022 03:43:51 [info] : 	test info
18/03/2022 03:43:51 [http] : 	test http
18/03/2022 03:43:51 [verbose] : 	test verbose
18/03/2022 03:43:51 [debug] : 	test debug
18/03/2022 03:43:51 [silly] : 	test silly
18/03/2022 03:43:53 [info] : 	App listening on port 3000 , host 127.0.0.1
18/03/2022 03:44:50 [error] : 	test error
18/03/2022 03:44:50 [warn] : 	test warning
18/03/2022 03:44:50 [info] : 	test info
18/03/2022 03:44:50 [http] : 	test http
18/03/2022 03:44:50 [verbose] : 	test verbose
18/03/2022 03:44:50 [debug] : 	test debug
18/03/2022 03:44:50 [silly] : 	test silly
18/03/2022 03:44:52 [info] : 	App listening on port 3000 , host 127.0.0.1
18/03/2022 03:47:04 [error] : 	test error
18/03/2022 03:47:04 [warn] : 	test warning
18/03/2022 03:47:04 [info] : 	test info
18/03/2022 03:47:04 [http] : 	test http
18/03/2022 03:47:04 [verbose] : 	test verbose
18/03/2022 03:47:04 [debug] : 	test debug
18/03/2022 03:47:04 [silly] : 	test silly
18/03/2022 03:47:07 [info] : 	App listening on port 3000 , host 127.0.0.1
18/03/2022 03:48:34 [error] : 	test error
18/03/2022 03:48:34 [warn] : 	test warning
18/03/2022 03:48:34 [info] : 	test info
18/03/2022 03:48:34 [http] : 	test http
18/03/2022 03:48:34 [verbose] : 	test verbose
18/03/2022 03:48:34 [debug] : 	test debug
18/03/2022 03:48:34 [silly] : 	test silly
18/03/2022 03:48:36 [info] : 	App listening on port 3000 , host 127.0.0.1
18/03/2022 03:49:28 [error] : 	test error
18/03/2022 03:49:28 [warn] : 	test warning
18/03/2022 03:49:28 [info] : 	test info
18/03/2022 03:49:28 [http] : 	test http
18/03/2022 03:49:28 [verbose] : 	test verbose
18/03/2022 03:49:28 [debug] : 	test debug
18/03/2022 03:49:28 [silly] : 	test silly
18/03/2022 03:49:37 [info] : 	App listening on port 3000 , host 127.0.0.1
18/03/2022 03:50:44 [error] : 	test error
18/03/2022 03:50:44 [warn] : 	test warning
18/03/2022 03:50:44 [info] : 	test info
18/03/2022 03:50:44 [http] : 	test http
18/03/2022 03:50:44 [verbose] : 	test verbose
18/03/2022 03:50:44 [debug] : 	test debug
18/03/2022 03:50:44 [silly] : 	test silly
18/03/2022 03:52:37 [error] : 	test error
18/03/2022 03:52:37 [warn] : 	test warning
18/03/2022 03:52:37 [info] : 	test info
18/03/2022 03:52:37 [http] : 	test http
18/03/2022 03:52:37 [verbose] : 	test verbose
18/03/2022 03:52:37 [debug] : 	test debug
18/03/2022 03:52:37 [silly] : 	test silly
18/03/2022 03:52:40 [info] : 	App listening on port 3000 , host 127.0.0.1
18/03/2022 03:52:37 [error] : 	test error
18/03/2022 03:52:37 [warn] : 	test warning
18/03/2022 03:52:37 [info] : 	test info
18/03/2022 03:52:37 [http] : 	test http
18/03/2022 03:52:37 [verbose] : 	test verbose
18/03/2022 03:52:37 [debug] : 	test debug
18/03/2022 03:52:37 [silly] : 	test silly
18/03/2022 03:57:30 [error] : 	test error
18/03/2022 03:57:30 [warn] : 	test warning
18/03/2022 03:57:30 [info] : 	test info
18/03/2022 03:57:30 [http] : 	test http
18/03/2022 03:57:30 [verbose] : 	test verbose
18/03/2022 03:57:30 [debug] : 	test debug
18/03/2022 03:57:30 [silly] : 	test silly
18/03/2022 03:57:32 [info] : 	App listening on port 3000 , host 127.0.0.1
18/03/2022 04:04:51 [error] : 	test error
18/03/2022 04:04:51 [warn] : 	test warning
18/03/2022 04:04:51 [info] : 	test info
18/03/2022 04:04:51 [http] : 	test http
18/03/2022 04:04:51 [verbose] : 	test verbose
18/03/2022 04:04:51 [debug] : 	test debug
18/03/2022 04:04:51 [silly] : 	test silly
18/03/2022 04:04:54 [info] : 	App listening on port 3000 , host 127.0.0.1
18/03/2022 04:07:13 [error] : 	test error
18/03/2022 04:07:13 [warn] : 	test warning
18/03/2022 04:07:13 [info] : 	test info
18/03/2022 04:07:13 [http] : 	test http
18/03/2022 04:07:13 [verbose] : 	test verbose
18/03/2022 04:07:13 [debug] : 	test debug
18/03/2022 04:07:13 [silly] : 	test silly
18/03/2022 04:07:16 [info] : 	App listening on port 3000 , host 127.0.0.1
18/03/2022 04:07:18 [error] : 	test error
18/03/2022 04:07:18 [warn] : 	test warning
18/03/2022 04:07:18 [info] : 	test info
18/03/2022 04:07:18 [http] : 	test http
18/03/2022 04:07:18 [verbose] : 	test verbose
18/03/2022 04:07:18 [debug] : 	test debug
18/03/2022 04:07:18 [silly] : 	test silly
18/03/2022 04:07:54 [error] : 	test error
18/03/2022 04:07:54 [warn] : 	test warning
18/03/2022 04:07:54 [info] : 	test info
18/03/2022 04:07:54 [http] : 	test http
18/03/2022 04:07:54 [verbose] : 	test verbose
18/03/2022 04:07:54 [debug] : 	test debug
18/03/2022 04:07:54 [silly] : 	test silly
18/03/2022 04:07:56 [info] : 	App listening on port 3000 , host 127.0.0.1
18/03/2022 04:09:59 [error] : 	test error
18/03/2022 04:09:59 [warn] : 	test warning
18/03/2022 04:09:59 [info] : 	test info
18/03/2022 04:09:59 [http] : 	test http
18/03/2022 04:09:59 [verbose] : 	test verbose
18/03/2022 04:09:59 [debug] : 	test debug
18/03/2022 04:09:59 [silly] : 	test silly
18/03/2022 04:10:00 [info] : 	App listening on port 3000 , host 127.0.0.1
18/03/2022 04:10:16 [error] : 	test error
18/03/2022 04:10:16 [warn] : 	test warning
18/03/2022 04:10:16 [info] : 	test info
18/03/2022 04:10:16 [http] : 	test http
18/03/2022 04:10:16 [verbose] : 	test verbose
18/03/2022 04:10:16 [debug] : 	test debug
18/03/2022 04:10:16 [silly] : 	test silly
18/03/2022 04:10:17 [info] : 	App listening on port 3000 , host 127.0.0.1
18/03/2022 04:17:20 [error] : 	test error
18/03/2022 04:17:20 [warn] : 	test warning
18/03/2022 04:17:20 [info] : 	test info
18/03/2022 04:17:20 [http] : 	test http
18/03/2022 04:17:20 [verbose] : 	test verbose
18/03/2022 04:17:20 [debug] : 	test debug
18/03/2022 04:17:20 [silly] : 	test silly
18/03/2022 04:17:22 [info] : 	App listening on port 3000 , host 127.0.0.1
18/03/2022 04:55:31 [info] : 	Get Ingredient By id
18/03/2022 04:55:31 [info] : 	GET /ingredients/1 200 483 - 35.337 ms

18/03/2022 05:03:41 [error] : 	test error
18/03/2022 05:03:41 [warn] : 	test warning
18/03/2022 05:03:41 [info] : 	test info
18/03/2022 05:03:41 [http] : 	test http
18/03/2022 05:03:41 [verbose] : 	test verbose
18/03/2022 05:03:41 [debug] : 	test debug
18/03/2022 05:03:41 [silly] : 	test silly
18/03/2022 05:03:43 [info] : 	App listening on port 3000 , host 127.0.0.1
18/03/2022 05:04:30 [error] : 	test error
18/03/2022 05:04:30 [warn] : 	test warning
18/03/2022 05:04:30 [info] : 	test info
18/03/2022 05:04:30 [http] : 	test http
18/03/2022 05:04:30 [verbose] : 	test verbose
18/03/2022 05:04:30 [debug] : 	test debug
18/03/2022 05:04:30 [silly] : 	test silly
18/03/2022 05:04:31 [info] : 	App listening on port 3000 , host 127.0.0.1
18/03/2022 05:04:39 [error] : 	Method => PUT Ingredient : Ingredient doesn't exists, id:999
18/03/2022 05:04:39 [info] : 	PUT /ingredients/999 404 58 - 10.550 ms

18/03/2022 05:04:43 [error] : 	Method => PUT Ingredient : Ingredient doesn't exists, id:999
18/03/2022 05:04:43 [info] : 	PUT /ingredients/999 404 58 - 5.644 ms

18/03/2022 05:04:54 [error] : 	Method => PUT Ingredient : Ingredient doesn't exists, id:999
18/03/2022 05:04:54 [info] : 	PUT /ingredients/999 404 58 - 13.796 ms

18/03/2022 05:05:17 [error] : 	Method => PUT Ingredient : Error: Ingredient object is malformed
18/03/2022 05:05:17 [info] : 	PUT /ingredients/1 400 62 - 2.477 ms

18/03/2022 05:05:53 [error] : 	Method => PUT Ingredient : Ingredient doesn't exists, id:999
18/03/2022 05:05:53 [info] : 	PUT /ingredients/999 404 58 - 8.814 ms

18/03/2022 05:05:55 [error] : 	Method => PUT Ingredient : Error: Ingredient object is malformed
18/03/2022 05:05:55 [info] : 	PUT /ingredients/1 400 62 - 1.334 ms

18/03/2022 05:06:16 [error] : 	Method => DELETE Ingredient : Ingredient doesn't exists, id:999
18/03/2022 05:06:16 [info] : 	DELETE /ingredients/999 404 58 - 8.728 ms

