22/03/2022 01:11:16 [error] : 	test error
22/03/2022 01:13:23 [error] : 	test error
22/03/2022 01:13:45 [error] : 	test error
22/03/2022 01:15:18 [error] : 	test error
22/03/2022 01:16:18 [error] : 	test error
22/03/2022 01:17:03 [error] : 	test error
22/03/2022 01:24:45 [error] : 	test error
22/03/2022 01:26:18 [error] : 	test error
22/03/2022 01:27:49 [error] : 	test error
22/03/2022 01:31:58 [error] : 	test error
22/03/2022 01:32:27 [error] : 	test error
22/03/2022 01:32:57 [error] : 	test error
22/03/2022 01:33:28 [error] : 	test error
22/03/2022 01:34:00 [error] : 	test error
22/03/2022 01:34:30 [error] : 	test error
22/03/2022 01:34:47 [error] : 	test error
22/03/2022 01:37:25 [error] : 	test error
22/03/2022 01:37:57 [error] : 	test error
22/03/2022 01:39:06 [error] : 	test error
22/03/2022 01:40:18 [error] : 	test error
22/03/2022 01:41:01 [error] : 	test error
22/03/2022 01:41:49 [error] : 	test error
22/03/2022 01:53:04 [error] : 	test error
22/03/2022 01:54:02 [error] : 	test error
22/03/2022 01:54:45 [error] : 	test error
22/03/2022 01:56:38 [error] : 	test error
22/03/2022 01:57:26 [error] : 	test error
22/03/2022 01:58:00 [error] : 	test error
22/03/2022 01:59:01 [error] : 	test error
22/03/2022 02:00:01 [error] : 	test error
22/03/2022 02:00:51 [error] : 	test error
22/03/2022 02:01:19 [error] : 	test error
22/03/2022 02:02:23 [error] : 	test error
22/03/2022 02:03:02 [error] : 	test error
22/03/2022 02:04:04 [error] : 	test error
22/03/2022 02:04:50 [error] : 	test error
22/03/2022 02:05:29 [error] : 	test error
22/03/2022 02:05:57 [error] : 	test error
22/03/2022 02:20:00 [error] : 	test error
22/03/2022 02:20:17 [error] : 	Method => GET Ingredient BY ID : Ingredient with id:'999' does not exist
22/03/2022 02:21:03 [error] : 	Method => GET Ingredient BY ID : Champ 'NaN' inconnu dans where clause
22/03/2022 02:21:52 [error] : 	test error
22/03/2022 02:21:59 [error] : 	Method => GET Ingredient BY ID : Ingredient Id is not a number
22/03/2022 02:24:19 [error] : 	test error
22/03/2022 02:29:04 [error] : 	test error
22/03/2022 02:29:46 [error] : 	test error
22/03/2022 02:30:54 [error] : 	test error
22/03/2022 02:31:51 [error] : 	test error
22/03/2022 02:33:06 [error] : 	test error
22/03/2022 02:35:41 [error] : 	test error
22/03/2022 02:35:57 [error] : 	test error
22/03/2022 02:47:00 [error] : 	test error
22/03/2022 02:47:40 [error] : 	test error
22/03/2022 02:47:46 [error] : 	Method => POST Ingredient : Cannot read properties of undefined (reading 'isIngredient')
22/03/2022 02:47:56 [error] : 	Method => POST Ingredient : Cannot read properties of undefined (reading 'isIngredient')
22/03/2022 02:49:04 [error] : 	test error
22/03/2022 02:49:10 [error] : 	Method => POST Ingredient : Ingredient object is malformed
22/03/2022 02:49:15 [error] : 	Method => POST Ingredient : Data truncated for column 'id' at row 1
22/03/2022 02:57:29 [error] : 	test error
22/03/2022 03:10:53 [error] : 	test error
22/03/2022 03:11:13 [error] : 	test error
22/03/2022 03:13:05 [error] : 	Method => POST Ingredient : Ingredient object is malformed
22/03/2022 03:13:10 [error] : 	Method => POST Ingredient : Ingredient object is malformed
22/03/2022 03:13:16 [error] : 	Method => POST Ingredient : Incorrect integer value: 'b15f72bd-2985-4151-942d-ceb19fb10a3a' for column 'id' at row 1
22/03/2022 03:13:25 [error] : 	Method => POST Ingredient : Ingredient object is malformed
22/03/2022 03:14:27 [error] : 	Method => POST Ingredient : Incorrect integer value: 'b946f466-7857-4175-9860-8aee62f32bd3' for column 'id' at row 1
22/03/2022 03:15:13 [error] : 	test error
22/03/2022 03:16:07 [error] : 	test error
22/03/2022 03:16:24 [error] : 	test error
22/03/2022 03:16:38 [error] : 	Method => POST Ingredient : Data truncated for column 'id' at row 1
22/03/2022 03:22:56 [error] : 	test error
22/03/2022 03:23:06 [error] : 	Method => POST Ingredient : Incorrect integer value: 'c82f2d3c-791e-4b54-b6aa-dadc8ca340e2' for column 'id' at row 1
22/03/2022 03:24:45 [error] : 	Method => POST Ingredient : Validation error: Validation isUUID on id failed
