22/03/2022 01:11:16 [error] : 	test error
22/03/2022 01:11:16 [warn] : 	test warning
22/03/2022 01:11:16 [info] : 	test info
22/03/2022 01:11:16 [http] : 	test http
22/03/2022 01:11:16 [verbose] : 	test verbose
22/03/2022 01:11:16 [debug] : 	test debug
22/03/2022 01:11:16 [silly] : 	test silly
22/03/2022 01:11:17 [info] : 	App listening on port 3000 , host 127.0.0.1
22/03/2022 01:13:23 [error] : 	test error
22/03/2022 01:13:23 [warn] : 	test warning
22/03/2022 01:13:23 [info] : 	test info
22/03/2022 01:13:23 [http] : 	test http
22/03/2022 01:13:23 [verbose] : 	test verbose
22/03/2022 01:13:23 [debug] : 	test debug
22/03/2022 01:13:23 [silly] : 	test silly
22/03/2022 01:13:25 [info] : 	App listening on port 3000 , host 127.0.0.1
22/03/2022 01:13:45 [error] : 	test error
22/03/2022 01:13:45 [warn] : 	test warning
22/03/2022 01:13:45 [info] : 	test info
22/03/2022 01:13:45 [http] : 	test http
22/03/2022 01:13:45 [verbose] : 	test verbose
22/03/2022 01:13:45 [debug] : 	test debug
22/03/2022 01:13:45 [silly] : 	test silly
22/03/2022 01:13:47 [info] : 	App listening on port 3000 , host 127.0.0.1
22/03/2022 01:15:18 [error] : 	test error
22/03/2022 01:15:18 [warn] : 	test warning
22/03/2022 01:15:18 [info] : 	test info
22/03/2022 01:15:18 [http] : 	test http
22/03/2022 01:15:18 [verbose] : 	test verbose
22/03/2022 01:15:18 [debug] : 	test debug
22/03/2022 01:15:18 [silly] : 	test silly
22/03/2022 01:15:20 [info] : 	App listening on port 3000 , host 127.0.0.1
22/03/2022 01:16:18 [error] : 	test error
22/03/2022 01:16:18 [warn] : 	test warning
22/03/2022 01:16:18 [info] : 	test info
22/03/2022 01:16:18 [http] : 	test http
22/03/2022 01:16:18 [verbose] : 	test verbose
22/03/2022 01:16:18 [debug] : 	test debug
22/03/2022 01:16:18 [silly] : 	test silly
22/03/2022 01:16:22 [info] : 	App listening on port 3000 , host 127.0.0.1
22/03/2022 01:17:03 [error] : 	test error
22/03/2022 01:17:03 [warn] : 	test warning
22/03/2022 01:17:03 [info] : 	test info
22/03/2022 01:17:03 [http] : 	test http
22/03/2022 01:17:03 [verbose] : 	test verbose
22/03/2022 01:17:03 [debug] : 	test debug
22/03/2022 01:17:03 [silly] : 	test silly
22/03/2022 01:17:04 [info] : 	App listening on port 3000 , host 127.0.0.1
22/03/2022 01:24:45 [error] : 	test error
22/03/2022 01:24:45 [warn] : 	test warning
22/03/2022 01:24:45 [info] : 	test info
22/03/2022 01:24:45 [http] : 	test http
22/03/2022 01:24:45 [verbose] : 	test verbose
22/03/2022 01:24:45 [debug] : 	test debug
22/03/2022 01:24:45 [silly] : 	test silly
22/03/2022 01:24:46 [info] : 	App listening on port 3000 , host 127.0.0.1
22/03/2022 01:26:18 [error] : 	test error
22/03/2022 01:26:18 [warn] : 	test warning
22/03/2022 01:26:18 [info] : 	test info
22/03/2022 01:26:18 [http] : 	test http
22/03/2022 01:26:18 [verbose] : 	test verbose
22/03/2022 01:26:18 [debug] : 	test debug
22/03/2022 01:26:18 [silly] : 	test silly
22/03/2022 01:26:19 [info] : 	App listening on port 3000 , host 127.0.0.1
22/03/2022 01:26:35 [info] : 	GET /ingredients/1 - - - - ms

22/03/2022 01:27:49 [error] : 	test error
22/03/2022 01:27:49 [warn] : 	test warning
22/03/2022 01:27:49 [info] : 	test info
22/03/2022 01:27:49 [http] : 	test http
22/03/2022 01:27:49 [verbose] : 	test verbose
22/03/2022 01:27:49 [debug] : 	test debug
22/03/2022 01:27:49 [silly] : 	test silly
22/03/2022 01:27:51 [info] : 	App listening on port 3000 , host 127.0.0.1
22/03/2022 01:31:58 [error] : 	test error
22/03/2022 01:31:58 [warn] : 	test warning
22/03/2022 01:31:58 [info] : 	test info
22/03/2022 01:31:58 [http] : 	test http
22/03/2022 01:31:58 [verbose] : 	test verbose
22/03/2022 01:31:58 [debug] : 	test debug
22/03/2022 01:31:58 [silly] : 	test silly
22/03/2022 01:32:00 [info] : 	App listening on port 3000 , host 127.0.0.1
22/03/2022 01:32:27 [error] : 	test error
22/03/2022 01:32:27 [warn] : 	test warning
22/03/2022 01:32:27 [info] : 	test info
22/03/2022 01:32:27 [http] : 	test http
22/03/2022 01:32:27 [verbose] : 	test verbose
22/03/2022 01:32:27 [debug] : 	test debug
22/03/2022 01:32:27 [silly] : 	test silly
22/03/2022 01:32:28 [info] : 	App listening on port 3000 , host 127.0.0.1
22/03/2022 01:32:57 [error] : 	test error
22/03/2022 01:32:57 [warn] : 	test warning
22/03/2022 01:32:57 [info] : 	test info
22/03/2022 01:32:57 [http] : 	test http
22/03/2022 01:32:57 [verbose] : 	test verbose
22/03/2022 01:32:57 [debug] : 	test debug
22/03/2022 01:32:57 [silly] : 	test silly
22/03/2022 01:32:59 [info] : 	App listening on port 3000 , host 127.0.0.1
22/03/2022 01:33:02 [info] : 	GET /ingredients/1 200 2 - 3.694 ms

22/03/2022 01:33:28 [error] : 	test error
22/03/2022 01:33:28 [warn] : 	test warning
22/03/2022 01:33:28 [info] : 	test info
22/03/2022 01:33:28 [http] : 	test http
22/03/2022 01:33:28 [verbose] : 	test verbose
22/03/2022 01:33:28 [debug] : 	test debug
22/03/2022 01:33:28 [silly] : 	test silly
22/03/2022 01:33:29 [info] : 	App listening on port 3000 , host 127.0.0.1
22/03/2022 01:34:00 [error] : 	test error
22/03/2022 01:34:00 [warn] : 	test warning
22/03/2022 01:34:00 [info] : 	test info
22/03/2022 01:34:00 [http] : 	test http
22/03/2022 01:34:00 [verbose] : 	test verbose
22/03/2022 01:34:00 [debug] : 	test debug
22/03/2022 01:34:00 [silly] : 	test silly
22/03/2022 01:34:01 [info] : 	App listening on port 3000 , host 127.0.0.1
22/03/2022 01:34:05 [info] : 	GET /ingredients/1 200 121 - 2.700 ms

22/03/2022 01:34:30 [error] : 	test error
22/03/2022 01:34:30 [warn] : 	test warning
22/03/2022 01:34:30 [info] : 	test info
22/03/2022 01:34:30 [http] : 	test http
22/03/2022 01:34:30 [verbose] : 	test verbose
22/03/2022 01:34:30 [debug] : 	test debug
22/03/2022 01:34:30 [silly] : 	test silly
22/03/2022 01:34:32 [info] : 	App listening on port 3000 , host 127.0.0.1
22/03/2022 01:34:35 [info] : 	GET /ingredients/1 200 91 - 3.740 ms

22/03/2022 01:34:47 [error] : 	test error
22/03/2022 01:34:47 [warn] : 	test warning
22/03/2022 01:34:47 [info] : 	test info
22/03/2022 01:34:47 [http] : 	test http
22/03/2022 01:34:47 [verbose] : 	test verbose
22/03/2022 01:34:47 [debug] : 	test debug
22/03/2022 01:34:47 [silly] : 	test silly
22/03/2022 01:34:48 [info] : 	App listening on port 3000 , host 127.0.0.1
22/03/2022 01:37:25 [error] : 	test error
22/03/2022 01:37:25 [warn] : 	test warning
22/03/2022 01:37:25 [info] : 	test info
22/03/2022 01:37:25 [http] : 	test http
22/03/2022 01:37:25 [verbose] : 	test verbose
22/03/2022 01:37:25 [debug] : 	test debug
22/03/2022 01:37:25 [silly] : 	test silly
22/03/2022 01:37:26 [info] : 	App listening on port 3000 , host 127.0.0.1
22/03/2022 01:37:57 [error] : 	test error
22/03/2022 01:37:57 [warn] : 	test warning
22/03/2022 01:37:57 [info] : 	test info
22/03/2022 01:37:57 [http] : 	test http
22/03/2022 01:37:57 [verbose] : 	test verbose
22/03/2022 01:37:57 [debug] : 	test debug
22/03/2022 01:37:57 [silly] : 	test silly
22/03/2022 01:37:58 [info] : 	App listening on port 3000 , host 127.0.0.1
22/03/2022 01:39:06 [error] : 	test error
22/03/2022 01:39:06 [warn] : 	test warning
22/03/2022 01:39:06 [info] : 	test info
22/03/2022 01:39:06 [http] : 	test http
22/03/2022 01:39:06 [verbose] : 	test verbose
22/03/2022 01:39:06 [debug] : 	test debug
22/03/2022 01:39:06 [silly] : 	test silly
22/03/2022 01:39:08 [info] : 	App listening on port 3000 , host 127.0.0.1
22/03/2022 01:40:18 [error] : 	test error
22/03/2022 01:40:18 [warn] : 	test warning
22/03/2022 01:40:18 [info] : 	test info
22/03/2022 01:40:18 [http] : 	test http
22/03/2022 01:40:18 [verbose] : 	test verbose
22/03/2022 01:40:18 [debug] : 	test debug
22/03/2022 01:40:18 [silly] : 	test silly
22/03/2022 01:40:19 [info] : 	App listening on port 3000 , host 127.0.0.1
22/03/2022 01:40:23 [info] : 	GET /ingredients/1 200 - - 4.338 ms

22/03/2022 01:41:01 [error] : 	test error
22/03/2022 01:41:01 [warn] : 	test warning
22/03/2022 01:41:01 [info] : 	test info
22/03/2022 01:41:01 [http] : 	test http
22/03/2022 01:41:01 [verbose] : 	test verbose
22/03/2022 01:41:01 [debug] : 	test debug
22/03/2022 01:41:01 [silly] : 	test silly
22/03/2022 01:41:02 [info] : 	App listening on port 3000 , host 127.0.0.1
22/03/2022 01:41:49 [error] : 	test error
22/03/2022 01:41:49 [warn] : 	test warning
22/03/2022 01:41:49 [info] : 	test info
22/03/2022 01:41:49 [http] : 	test http
22/03/2022 01:41:49 [verbose] : 	test verbose
22/03/2022 01:41:49 [debug] : 	test debug
22/03/2022 01:41:49 [silly] : 	test silly
22/03/2022 01:41:50 [info] : 	App listening on port 3000 , host 127.0.0.1
22/03/2022 01:53:04 [error] : 	test error
22/03/2022 01:53:04 [warn] : 	test warning
22/03/2022 01:53:04 [info] : 	test info
22/03/2022 01:53:04 [http] : 	test http
22/03/2022 01:53:04 [verbose] : 	test verbose
22/03/2022 01:53:04 [debug] : 	test debug
22/03/2022 01:53:04 [silly] : 	test silly
22/03/2022 01:53:06 [info] : 	App listening on port 3000 , host 127.0.0.1
22/03/2022 01:54:02 [error] : 	test error
22/03/2022 01:54:02 [warn] : 	test warning
22/03/2022 01:54:02 [info] : 	test info
22/03/2022 01:54:02 [http] : 	test http
22/03/2022 01:54:02 [verbose] : 	test verbose
22/03/2022 01:54:02 [debug] : 	test debug
22/03/2022 01:54:02 [silly] : 	test silly
22/03/2022 01:54:45 [error] : 	test error
22/03/2022 01:54:45 [warn] : 	test warning
22/03/2022 01:54:45 [info] : 	test info
22/03/2022 01:54:45 [http] : 	test http
22/03/2022 01:54:45 [verbose] : 	test verbose
22/03/2022 01:54:45 [debug] : 	test debug
22/03/2022 01:54:45 [silly] : 	test silly
22/03/2022 01:54:46 [info] : 	App listening on port 3000 , host 127.0.0.1
22/03/2022 01:56:38 [error] : 	test error
22/03/2022 01:56:38 [warn] : 	test warning
22/03/2022 01:56:38 [info] : 	test info
22/03/2022 01:56:38 [http] : 	test http
22/03/2022 01:56:38 [verbose] : 	test verbose
22/03/2022 01:56:38 [debug] : 	test debug
22/03/2022 01:56:38 [silly] : 	test silly
22/03/2022 01:56:40 [info] : 	App listening on port 3000 , host 127.0.0.1
22/03/2022 01:57:26 [error] : 	test error
22/03/2022 01:57:26 [warn] : 	test warning
22/03/2022 01:57:26 [info] : 	test info
22/03/2022 01:57:26 [http] : 	test http
22/03/2022 01:57:26 [verbose] : 	test verbose
22/03/2022 01:57:26 [debug] : 	test debug
22/03/2022 01:57:26 [silly] : 	test silly
22/03/2022 01:57:27 [info] : 	App listening on port 3000 , host 127.0.0.1
22/03/2022 01:58:00 [error] : 	test error
22/03/2022 01:58:00 [warn] : 	test warning
22/03/2022 01:58:00 [info] : 	test info
22/03/2022 01:58:00 [http] : 	test http
22/03/2022 01:58:00 [verbose] : 	test verbose
22/03/2022 01:58:00 [debug] : 	test debug
22/03/2022 01:58:00 [silly] : 	test silly
22/03/2022 01:58:01 [info] : 	App listening on port 3000 , host 127.0.0.1
22/03/2022 01:59:01 [error] : 	test error
22/03/2022 01:59:01 [warn] : 	test warning
22/03/2022 01:59:01 [info] : 	test info
22/03/2022 01:59:01 [http] : 	test http
22/03/2022 01:59:01 [verbose] : 	test verbose
22/03/2022 01:59:01 [debug] : 	test debug
22/03/2022 01:59:01 [silly] : 	test silly
22/03/2022 01:59:03 [info] : 	App listening on port 3000 , host 127.0.0.1
22/03/2022 02:00:01 [error] : 	test error
22/03/2022 02:00:01 [warn] : 	test warning
22/03/2022 02:00:01 [info] : 	test info
22/03/2022 02:00:01 [http] : 	test http
22/03/2022 02:00:01 [verbose] : 	test verbose
22/03/2022 02:00:01 [debug] : 	test debug
22/03/2022 02:00:01 [silly] : 	test silly
22/03/2022 02:00:03 [info] : 	App listening on port 3000 , host 127.0.0.1
22/03/2022 02:00:51 [error] : 	test error
22/03/2022 02:00:51 [warn] : 	test warning
22/03/2022 02:00:51 [info] : 	test info
22/03/2022 02:00:51 [http] : 	test http
22/03/2022 02:00:51 [verbose] : 	test verbose
22/03/2022 02:00:51 [debug] : 	test debug
22/03/2022 02:00:51 [silly] : 	test silly
22/03/2022 02:00:52 [info] : 	App listening on port 3000 , host 127.0.0.1
22/03/2022 02:01:19 [error] : 	test error
22/03/2022 02:01:19 [warn] : 	test warning
22/03/2022 02:01:19 [info] : 	test info
22/03/2022 02:01:19 [http] : 	test http
22/03/2022 02:01:19 [verbose] : 	test verbose
22/03/2022 02:01:19 [debug] : 	test debug
22/03/2022 02:01:19 [silly] : 	test silly
22/03/2022 02:01:20 [info] : 	App listening on port 3000 , host 127.0.0.1
22/03/2022 02:02:23 [error] : 	test error
22/03/2022 02:02:23 [warn] : 	test warning
22/03/2022 02:02:23 [info] : 	test info
22/03/2022 02:02:23 [http] : 	test http
22/03/2022 02:02:23 [verbose] : 	test verbose
22/03/2022 02:02:23 [debug] : 	test debug
22/03/2022 02:02:23 [silly] : 	test silly
22/03/2022 02:02:25 [info] : 	App listening on port 3000 , host 127.0.0.1
22/03/2022 02:03:02 [error] : 	test error
22/03/2022 02:03:02 [warn] : 	test warning
22/03/2022 02:03:02 [info] : 	test info
22/03/2022 02:03:02 [http] : 	test http
22/03/2022 02:03:02 [verbose] : 	test verbose
22/03/2022 02:03:02 [debug] : 	test debug
22/03/2022 02:03:02 [silly] : 	test silly
22/03/2022 02:03:04 [info] : 	App listening on port 3000 , host 127.0.0.1
22/03/2022 02:04:04 [error] : 	test error
22/03/2022 02:04:04 [warn] : 	test warning
22/03/2022 02:04:04 [info] : 	test info
22/03/2022 02:04:04 [http] : 	test http
22/03/2022 02:04:04 [verbose] : 	test verbose
22/03/2022 02:04:04 [debug] : 	test debug
22/03/2022 02:04:04 [silly] : 	test silly
22/03/2022 02:04:05 [info] : 	App listening on port 3000 , host 127.0.0.1
22/03/2022 02:04:50 [error] : 	test error
22/03/2022 02:04:50 [warn] : 	test warning
22/03/2022 02:04:50 [info] : 	test info
22/03/2022 02:04:50 [http] : 	test http
22/03/2022 02:04:50 [verbose] : 	test verbose
22/03/2022 02:04:50 [debug] : 	test debug
22/03/2022 02:04:50 [silly] : 	test silly
22/03/2022 02:04:51 [info] : 	App listening on port 3000 , host 127.0.0.1
22/03/2022 02:04:55 [info] : 	GET /ingredients/1 200 403 - 17.207 ms

22/03/2022 02:05:29 [error] : 	test error
22/03/2022 02:05:29 [warn] : 	test warning
22/03/2022 02:05:29 [info] : 	test info
22/03/2022 02:05:29 [http] : 	test http
22/03/2022 02:05:29 [verbose] : 	test verbose
22/03/2022 02:05:29 [debug] : 	test debug
22/03/2022 02:05:29 [silly] : 	test silly
22/03/2022 02:05:30 [info] : 	App listening on port 3000 , host 127.0.0.1
22/03/2022 02:05:57 [error] : 	test error
22/03/2022 02:05:57 [warn] : 	test warning
22/03/2022 02:05:57 [info] : 	test info
22/03/2022 02:05:57 [http] : 	test http
22/03/2022 02:05:57 [verbose] : 	test verbose
22/03/2022 02:05:57 [debug] : 	test debug
22/03/2022 02:05:57 [silly] : 	test silly
22/03/2022 02:05:58 [info] : 	App listening on port 3000 , host 127.0.0.1
22/03/2022 02:06:02 [info] : 	GET /ingredients/1 200 483 - 11.850 ms

22/03/2022 02:20:00 [error] : 	test error
22/03/2022 02:20:00 [warn] : 	test warning
22/03/2022 02:20:00 [info] : 	test info
22/03/2022 02:20:00 [http] : 	test http
22/03/2022 02:20:00 [verbose] : 	test verbose
22/03/2022 02:20:00 [debug] : 	test debug
22/03/2022 02:20:00 [silly] : 	test silly
22/03/2022 02:20:02 [info] : 	App listening on port 3000 , host 127.0.0.1
22/03/2022 02:20:06 [info] : 	GET /ingredients/1 200 483 - 19.839 ms

22/03/2022 02:20:17 [error] : 	Method => GET Ingredient BY ID : Ingredient with id:'999' does not exist
22/03/2022 02:20:17 [info] : 	GET /ingredients/999 400 64 - 5.895 ms

22/03/2022 02:21:03 [error] : 	Method => GET Ingredient BY ID : Champ 'NaN' inconnu dans where clause
22/03/2022 02:21:03 [info] : 	GET /ingredients/- 400 62 - 51.928 ms

22/03/2022 02:21:52 [error] : 	test error
22/03/2022 02:21:52 [warn] : 	test warning
22/03/2022 02:21:52 [info] : 	test info
22/03/2022 02:21:52 [http] : 	test http
22/03/2022 02:21:52 [verbose] : 	test verbose
22/03/2022 02:21:52 [debug] : 	test debug
22/03/2022 02:21:52 [silly] : 	test silly
22/03/2022 02:21:53 [info] : 	App listening on port 3000 , host 127.0.0.1
22/03/2022 02:21:59 [error] : 	Method => GET Ingredient BY ID : Ingredient Id is not a number
22/03/2022 02:21:59 [info] : 	GET /ingredients/- 400 54 - 5.814 ms

22/03/2022 02:24:19 [error] : 	test error
22/03/2022 02:24:19 [warn] : 	test warning
22/03/2022 02:24:19 [info] : 	test info
22/03/2022 02:24:19 [http] : 	test http
22/03/2022 02:24:19 [verbose] : 	test verbose
22/03/2022 02:24:19 [debug] : 	test debug
22/03/2022 02:24:19 [silly] : 	test silly
22/03/2022 02:24:21 [info] : 	App listening on port 3000 , host 127.0.0.1
22/03/2022 02:29:04 [error] : 	test error
22/03/2022 02:29:04 [warn] : 	test warning
22/03/2022 02:29:04 [info] : 	test info
22/03/2022 02:29:04 [http] : 	test http
22/03/2022 02:29:04 [verbose] : 	test verbose
22/03/2022 02:29:04 [debug] : 	test debug
22/03/2022 02:29:04 [silly] : 	test silly
22/03/2022 02:29:05 [info] : 	App listening on port 3000 , host 127.0.0.1
22/03/2022 02:29:22 [info] : 	GET /ingredients 404 150 - 1.849 ms

22/03/2022 02:29:46 [error] : 	test error
22/03/2022 02:29:46 [warn] : 	test warning
22/03/2022 02:29:46 [info] : 	test info
22/03/2022 02:29:46 [http] : 	test http
22/03/2022 02:29:46 [verbose] : 	test verbose
22/03/2022 02:29:46 [debug] : 	test debug
22/03/2022 02:29:46 [silly] : 	test silly
22/03/2022 02:29:48 [info] : 	App listening on port 3000 , host 127.0.0.1
22/03/2022 02:29:51 [info] : 	GET /ingredients 404 150 - 5.183 ms

22/03/2022 02:30:54 [error] : 	test error
22/03/2022 02:30:54 [warn] : 	test warning
22/03/2022 02:30:54 [info] : 	test info
22/03/2022 02:30:54 [http] : 	test http
22/03/2022 02:30:54 [verbose] : 	test verbose
22/03/2022 02:30:54 [debug] : 	test debug
22/03/2022 02:30:54 [silly] : 	test silly
22/03/2022 02:30:56 [info] : 	App listening on port 3000 , host 127.0.0.1
22/03/2022 02:31:51 [error] : 	test error
22/03/2022 02:31:51 [warn] : 	test warning
22/03/2022 02:31:51 [info] : 	test info
22/03/2022 02:31:51 [http] : 	test http
22/03/2022 02:31:51 [verbose] : 	test verbose
22/03/2022 02:31:51 [debug] : 	test debug
22/03/2022 02:31:51 [silly] : 	test silly
22/03/2022 02:31:52 [info] : 	App listening on port 3000 , host 127.0.0.1
22/03/2022 02:33:06 [error] : 	test error
22/03/2022 02:33:06 [warn] : 	test warning
22/03/2022 02:33:06 [info] : 	test info
22/03/2022 02:33:06 [http] : 	test http
22/03/2022 02:33:06 [verbose] : 	test verbose
22/03/2022 02:33:06 [debug] : 	test debug
22/03/2022 02:33:06 [silly] : 	test silly
22/03/2022 02:33:07 [info] : 	App listening on port 3000 , host 127.0.0.1
22/03/2022 02:33:11 [info] : 	GET /ingredients 200 485 - 14.659 ms

22/03/2022 02:35:41 [error] : 	test error
22/03/2022 02:35:41 [warn] : 	test warning
22/03/2022 02:35:41 [info] : 	test info
22/03/2022 02:35:41 [http] : 	test http
22/03/2022 02:35:41 [verbose] : 	test verbose
22/03/2022 02:35:41 [debug] : 	test debug
22/03/2022 02:35:41 [silly] : 	test silly
22/03/2022 02:35:42 [info] : 	App listening on port 3000 , host 127.0.0.1
22/03/2022 02:35:47 [info] : 	GET /ingredients 200 485 - 16.654 ms

22/03/2022 02:35:57 [error] : 	test error
22/03/2022 02:35:57 [warn] : 	test warning
22/03/2022 02:35:57 [info] : 	test info
22/03/2022 02:35:57 [http] : 	test http
22/03/2022 02:35:57 [verbose] : 	test verbose
22/03/2022 02:35:57 [debug] : 	test debug
22/03/2022 02:35:57 [silly] : 	test silly
22/03/2022 02:35:59 [info] : 	App listening on port 3000 , host 127.0.0.1
22/03/2022 02:47:00 [error] : 	test error
22/03/2022 02:47:00 [warn] : 	test warning
22/03/2022 02:47:00 [info] : 	test info
22/03/2022 02:47:00 [http] : 	test http
22/03/2022 02:47:00 [verbose] : 	test verbose
22/03/2022 02:47:00 [debug] : 	test debug
22/03/2022 02:47:00 [silly] : 	test silly
22/03/2022 02:47:01 [info] : 	App listening on port 3000 , host 127.0.0.1
22/03/2022 02:47:26 [info] : 	POST /ingredients 404 151 - 1.612 ms

22/03/2022 02:47:40 [error] : 	test error
22/03/2022 02:47:40 [warn] : 	test warning
22/03/2022 02:47:40 [info] : 	test info
22/03/2022 02:47:40 [http] : 	test http
22/03/2022 02:47:40 [verbose] : 	test verbose
22/03/2022 02:47:40 [debug] : 	test debug
22/03/2022 02:47:40 [silly] : 	test silly
22/03/2022 02:47:42 [info] : 	App listening on port 3000 , host 127.0.0.1
22/03/2022 02:47:46 [error] : 	Method => POST Ingredient : Cannot read properties of undefined (reading 'isIngredient')
22/03/2022 02:47:46 [info] : 	POST /ingredients 400 85 - 3.915 ms

22/03/2022 02:47:56 [error] : 	Method => POST Ingredient : Cannot read properties of undefined (reading 'isIngredient')
22/03/2022 02:47:56 [info] : 	POST /ingredients 400 85 - 1.419 ms

22/03/2022 02:49:04 [error] : 	test error
22/03/2022 02:49:04 [warn] : 	test warning
22/03/2022 02:49:04 [info] : 	test info
22/03/2022 02:49:04 [http] : 	test http
22/03/2022 02:49:04 [verbose] : 	test verbose
22/03/2022 02:49:04 [debug] : 	test debug
22/03/2022 02:49:04 [silly] : 	test silly
22/03/2022 02:49:05 [info] : 	App listening on port 3000 , host 127.0.0.1
22/03/2022 02:49:10 [error] : 	Method => POST Ingredient : Ingredient object is malformed
22/03/2022 02:49:10 [info] : 	POST /ingredients 400 55 - 4.188 ms

22/03/2022 02:49:15 [error] : 	Method => POST Ingredient : Data truncated for column 'id' at row 1
22/03/2022 02:49:15 [info] : 	POST /ingredients 400 64 - 89.575 ms

22/03/2022 02:57:29 [error] : 	test error
22/03/2022 02:57:29 [warn] : 	test warning
22/03/2022 02:57:29 [info] : 	test info
22/03/2022 02:57:29 [http] : 	test http
22/03/2022 02:57:29 [verbose] : 	test verbose
22/03/2022 02:57:29 [debug] : 	test debug
22/03/2022 02:57:29 [silly] : 	test silly
22/03/2022 02:57:31 [info] : 	App listening on port 3000 , host 127.0.0.1
22/03/2022 03:10:53 [error] : 	test error
22/03/2022 03:10:53 [warn] : 	test warning
22/03/2022 03:10:53 [info] : 	test info
22/03/2022 03:10:53 [http] : 	test http
22/03/2022 03:10:53 [verbose] : 	test verbose
22/03/2022 03:10:53 [debug] : 	test debug
22/03/2022 03:10:53 [silly] : 	test silly
22/03/2022 03:10:54 [info] : 	App listening on port 3000 , host 127.0.0.1
22/03/2022 03:11:13 [error] : 	test error
22/03/2022 03:11:13 [warn] : 	test warning
22/03/2022 03:11:13 [info] : 	test info
22/03/2022 03:11:13 [http] : 	test http
22/03/2022 03:11:13 [verbose] : 	test verbose
22/03/2022 03:11:13 [debug] : 	test debug
22/03/2022 03:11:13 [silly] : 	test silly
22/03/2022 03:11:15 [info] : 	App listening on port 3000 , host 127.0.0.1
22/03/2022 03:13:05 [error] : 	Method => POST Ingredient : Ingredient object is malformed
22/03/2022 03:13:05 [info] : 	POST /ingredients 400 55 - 4.339 ms

22/03/2022 03:13:10 [error] : 	Method => POST Ingredient : Ingredient object is malformed
22/03/2022 03:13:10 [info] : 	POST /ingredients 400 55 - 1.684 ms

22/03/2022 03:13:16 [error] : 	Method => POST Ingredient : Incorrect integer value: 'b15f72bd-2985-4151-942d-ceb19fb10a3a' for column 'id' at row 1
22/03/2022 03:13:16 [info] : 	POST /ingredients 400 113 - 89.364 ms

22/03/2022 03:13:25 [error] : 	Method => POST Ingredient : Ingredient object is malformed
22/03/2022 03:13:25 [info] : 	POST /ingredients 400 55 - 1.214 ms

22/03/2022 03:14:27 [error] : 	Method => POST Ingredient : Incorrect integer value: 'b946f466-7857-4175-9860-8aee62f32bd3' for column 'id' at row 1
22/03/2022 03:14:27 [info] : 	POST /ingredients 400 113 - 16.120 ms

22/03/2022 03:15:13 [error] : 	test error
22/03/2022 03:15:13 [warn] : 	test warning
22/03/2022 03:15:13 [info] : 	test info
22/03/2022 03:15:13 [http] : 	test http
22/03/2022 03:15:13 [verbose] : 	test verbose
22/03/2022 03:15:13 [debug] : 	test debug
22/03/2022 03:15:13 [silly] : 	test silly
22/03/2022 03:16:07 [error] : 	test error
22/03/2022 03:16:07 [warn] : 	test warning
22/03/2022 03:16:07 [info] : 	test info
22/03/2022 03:16:07 [http] : 	test http
22/03/2022 03:16:07 [verbose] : 	test verbose
22/03/2022 03:16:07 [debug] : 	test debug
22/03/2022 03:16:07 [silly] : 	test silly
22/03/2022 03:16:24 [error] : 	test error
22/03/2022 03:16:24 [warn] : 	test warning
22/03/2022 03:16:24 [info] : 	test info
22/03/2022 03:16:24 [http] : 	test http
22/03/2022 03:16:24 [verbose] : 	test verbose
22/03/2022 03:16:24 [debug] : 	test debug
22/03/2022 03:16:24 [silly] : 	test silly
22/03/2022 03:16:26 [info] : 	App listening on port 3000 , host 127.0.0.1
22/03/2022 03:16:38 [error] : 	Method => POST Ingredient : Data truncated for column 'id' at row 1
22/03/2022 03:16:38 [info] : 	POST /ingredients 400 64 - 54.826 ms

22/03/2022 03:22:56 [error] : 	test error
22/03/2022 03:22:56 [warn] : 	test warning
22/03/2022 03:22:56 [info] : 	test info
22/03/2022 03:22:56 [http] : 	test http
22/03/2022 03:22:56 [verbose] : 	test verbose
22/03/2022 03:22:56 [debug] : 	test debug
22/03/2022 03:22:56 [silly] : 	test silly
22/03/2022 03:22:58 [info] : 	App listening on port 3000 , host 127.0.0.1
22/03/2022 03:23:06 [error] : 	Method => POST Ingredient : Incorrect integer value: 'c82f2d3c-791e-4b54-b6aa-dadc8ca340e2' for column 'id' at row 1
22/03/2022 03:23:06 [info] : 	POST /ingredients 400 113 - 52.470 ms

22/03/2022 03:24:45 [error] : 	Method => POST Ingredient : Validation error: Validation isUUID on id failed
22/03/2022 03:24:45 [info] : 	POST /ingredients 400 73 - 5.830 ms

