26/03/2022 10:42:28 [error] : 	test error
26/03/2022 10:42:28 [warn] : 	test warning
26/03/2022 10:42:28 [info] : 	test info
26/03/2022 10:42:28 [http] : 	test http
26/03/2022 10:42:28 [verbose] : 	test verbose
26/03/2022 10:42:28 [debug] : 	test debug
26/03/2022 10:42:28 [silly] : 	test silly
26/03/2022 10:56:50 [error] : 	test error
26/03/2022 10:56:50 [warn] : 	test warning
26/03/2022 10:56:50 [info] : 	test info
26/03/2022 10:56:50 [http] : 	test http
26/03/2022 10:56:50 [verbose] : 	test verbose
26/03/2022 10:56:50 [debug] : 	test debug
26/03/2022 10:56:50 [silly] : 	test silly
26/03/2022 10:56:50 [info] : 	App listening on port 3000 , host 127.0.0.1
26/03/2022 10:58:09 [error] : 	test error
26/03/2022 10:58:09 [warn] : 	test warning
26/03/2022 10:58:09 [info] : 	test info
26/03/2022 10:58:09 [http] : 	test http
26/03/2022 10:58:09 [verbose] : 	test verbose
26/03/2022 10:58:09 [debug] : 	test debug
26/03/2022 10:58:09 [silly] : 	test silly
26/03/2022 10:58:10 [info] : 	App listening on port 3000 , host 127.0.0.1
26/03/2022 10:59:50 [error] : 	test error
26/03/2022 10:59:50 [warn] : 	test warning
26/03/2022 10:59:50 [info] : 	test info
26/03/2022 10:59:50 [http] : 	test http
26/03/2022 10:59:50 [verbose] : 	test verbose
26/03/2022 10:59:50 [debug] : 	test debug
26/03/2022 10:59:50 [silly] : 	test silly
26/03/2022 10:59:51 [info] : 	App listening on port 3000 , host 127.0.0.1
26/03/2022 11:00:04 [info] : 	GET /ingredients - - - - ms

26/03/2022 11:00:14 [error] : 	test error
26/03/2022 11:00:14 [warn] : 	test warning
26/03/2022 11:00:14 [info] : 	test info
26/03/2022 11:00:14 [http] : 	test http
26/03/2022 11:00:14 [verbose] : 	test verbose
26/03/2022 11:00:14 [debug] : 	test debug
26/03/2022 11:00:14 [silly] : 	test silly
26/03/2022 11:00:15 [info] : 	App listening on port 3000 , host 127.0.0.1
26/03/2022 11:01:04 [error] : 	test error
26/03/2022 11:01:04 [warn] : 	test warning
26/03/2022 11:01:04 [info] : 	test info
26/03/2022 11:01:04 [http] : 	test http
26/03/2022 11:01:04 [verbose] : 	test verbose
26/03/2022 11:01:04 [debug] : 	test debug
26/03/2022 11:01:04 [silly] : 	test silly
26/03/2022 11:01:05 [info] : 	App listening on port 3000 , host 127.0.0.1
26/03/2022 11:02:12 [error] : 	test error
26/03/2022 11:02:12 [warn] : 	test warning
26/03/2022 11:02:12 [info] : 	test info
26/03/2022 11:02:12 [http] : 	test http
26/03/2022 11:02:12 [verbose] : 	test verbose
26/03/2022 11:02:12 [debug] : 	test debug
26/03/2022 11:02:12 [silly] : 	test silly
26/03/2022 11:02:13 [info] : 	App listening on port 3000 , host 127.0.0.1
26/03/2022 11:02:44 [error] : 	test error
26/03/2022 11:02:44 [warn] : 	test warning
26/03/2022 11:02:44 [info] : 	test info
26/03/2022 11:02:44 [http] : 	test http
26/03/2022 11:02:44 [verbose] : 	test verbose
26/03/2022 11:02:44 [debug] : 	test debug
26/03/2022 11:02:44 [silly] : 	test silly
26/03/2022 11:02:44 [info] : 	App listening on port 3000 , host 127.0.0.1
26/03/2022 11:04:02 [error] : 	test error
26/03/2022 11:04:02 [warn] : 	test warning
26/03/2022 11:04:02 [info] : 	test info
26/03/2022 11:04:02 [http] : 	test http
26/03/2022 11:04:02 [verbose] : 	test verbose
26/03/2022 11:04:02 [debug] : 	test debug
26/03/2022 11:04:02 [silly] : 	test silly
26/03/2022 11:04:03 [info] : 	App listening on port 3000 , host 127.0.0.1
26/03/2022 11:04:06 [info] : 	GET /ingredients 200 2 - 2.218 ms

26/03/2022 11:04:21 [error] : 	test error
26/03/2022 11:04:21 [warn] : 	test warning
26/03/2022 11:04:21 [info] : 	test info
26/03/2022 11:04:21 [http] : 	test http
26/03/2022 11:04:21 [verbose] : 	test verbose
26/03/2022 11:04:21 [debug] : 	test debug
26/03/2022 11:04:21 [silly] : 	test silly
26/03/2022 11:04:22 [info] : 	App listening on port 3000 , host 127.0.0.1
26/03/2022 11:04:55 [error] : 	test error
26/03/2022 11:04:55 [warn] : 	test warning
26/03/2022 11:04:55 [info] : 	test info
26/03/2022 11:04:55 [http] : 	test http
26/03/2022 11:04:55 [verbose] : 	test verbose
26/03/2022 11:04:55 [debug] : 	test debug
26/03/2022 11:04:55 [silly] : 	test silly
26/03/2022 11:04:56 [info] : 	App listening on port 3000 , host 127.0.0.1
26/03/2022 11:07:23 [error] : 	test error
26/03/2022 11:07:23 [warn] : 	test warning
26/03/2022 11:07:23 [info] : 	test info
26/03/2022 11:07:23 [http] : 	test http
26/03/2022 11:07:23 [verbose] : 	test verbose
26/03/2022 11:07:23 [debug] : 	test debug
26/03/2022 11:07:23 [silly] : 	test silly
26/03/2022 11:07:24 [info] : 	App listening on port 3000 , host 127.0.0.1
26/03/2022 11:16:14 [error] : 	test error
26/03/2022 11:16:14 [warn] : 	test warning
26/03/2022 11:16:14 [info] : 	test info
26/03/2022 11:16:14 [http] : 	test http
26/03/2022 11:16:14 [verbose] : 	test verbose
26/03/2022 11:16:14 [debug] : 	test debug
26/03/2022 11:16:14 [silly] : 	test silly
26/03/2022 11:16:15 [info] : 	App listening on port 3000 , host 127.0.0.1
26/03/2022 11:21:17 [error] : 	test error
26/03/2022 11:21:17 [warn] : 	test warning
26/03/2022 11:21:17 [info] : 	test info
26/03/2022 11:21:17 [http] : 	test http
26/03/2022 11:21:17 [verbose] : 	test verbose
26/03/2022 11:21:17 [debug] : 	test debug
26/03/2022 11:21:17 [silly] : 	test silly
26/03/2022 11:21:18 [info] : 	App listening on port 3000 , host 127.0.0.1
26/03/2022 11:22:27 [error] : 	test error
26/03/2022 11:22:27 [warn] : 	test warning
26/03/2022 11:22:27 [info] : 	test info
26/03/2022 11:22:27 [http] : 	test http
26/03/2022 11:22:27 [verbose] : 	test verbose
26/03/2022 11:22:27 [debug] : 	test debug
26/03/2022 11:22:27 [silly] : 	test silly
26/03/2022 11:22:28 [info] : 	App listening on port 3000 , host 127.0.0.1
26/03/2022 11:23:01 [error] : 	test error
26/03/2022 11:23:01 [warn] : 	test warning
26/03/2022 11:23:01 [info] : 	test info
26/03/2022 11:23:01 [http] : 	test http
26/03/2022 11:23:01 [verbose] : 	test verbose
26/03/2022 11:23:01 [debug] : 	test debug
26/03/2022 11:23:01 [silly] : 	test silly
26/03/2022 11:23:02 [info] : 	App listening on port 3000 , host 127.0.0.1
26/03/2022 11:23:56 [error] : 	test error
26/03/2022 11:23:56 [warn] : 	test warning
26/03/2022 11:23:56 [info] : 	test info
26/03/2022 11:23:56 [http] : 	test http
26/03/2022 11:23:56 [verbose] : 	test verbose
26/03/2022 11:23:56 [debug] : 	test debug
26/03/2022 11:23:56 [silly] : 	test silly
26/03/2022 11:23:56 [info] : 	App listening on port 3000 , host 127.0.0.1
26/03/2022 11:31:14 [error] : 	test error
26/03/2022 11:31:14 [warn] : 	test warning
26/03/2022 11:31:14 [info] : 	test info
26/03/2022 11:31:14 [http] : 	test http
26/03/2022 11:31:14 [verbose] : 	test verbose
26/03/2022 11:31:14 [debug] : 	test debug
26/03/2022 11:31:14 [silly] : 	test silly
26/03/2022 11:31:15 [info] : 	App listening on port 3000 , host 127.0.0.1
26/03/2022 11:32:05 [error] : 	test error
26/03/2022 11:32:05 [warn] : 	test warning
26/03/2022 11:32:05 [info] : 	test info
26/03/2022 11:32:05 [http] : 	test http
26/03/2022 11:32:05 [verbose] : 	test verbose
26/03/2022 11:32:05 [debug] : 	test debug
26/03/2022 11:32:05 [silly] : 	test silly
26/03/2022 11:32:05 [info] : 	App listening on port 3000 , host 127.0.0.1
26/03/2022 11:32:10 [info] : 	GET /ingredients 200 4 - 2.965 ms

26/03/2022 11:33:06 [error] : 	test error
26/03/2022 11:33:06 [warn] : 	test warning
26/03/2022 11:33:06 [info] : 	test info
26/03/2022 11:33:06 [http] : 	test http
26/03/2022 11:33:06 [verbose] : 	test verbose
26/03/2022 11:33:06 [debug] : 	test debug
26/03/2022 11:33:06 [silly] : 	test silly
26/03/2022 11:33:06 [info] : 	App listening on port 3000 , host 127.0.0.1
26/03/2022 11:33:43 [error] : 	test error
26/03/2022 11:33:44 [warn] : 	test warning
26/03/2022 11:33:44 [info] : 	test info
26/03/2022 11:33:44 [http] : 	test http
26/03/2022 11:33:44 [verbose] : 	test verbose
26/03/2022 11:33:44 [debug] : 	test debug
26/03/2022 11:33:44 [silly] : 	test silly
26/03/2022 11:33:44 [info] : 	App listening on port 3000 , host 127.0.0.1
26/03/2022 11:46:36 [error] : 	test error
26/03/2022 11:46:36 [warn] : 	test warning
26/03/2022 11:46:36 [info] : 	test info
26/03/2022 11:46:36 [http] : 	test http
26/03/2022 11:46:36 [verbose] : 	test verbose
26/03/2022 11:46:36 [debug] : 	test debug
26/03/2022 11:46:36 [silly] : 	test silly
26/03/2022 11:46:37 [info] : 	App listening on port 3000 , host 127.0.0.1
26/03/2022 11:46:40 [info] : 	GET /ingredients 200 4 - 2.856 ms

26/03/2022 11:47:20 [error] : 	test error
26/03/2022 11:47:20 [warn] : 	test warning
26/03/2022 11:47:20 [info] : 	test info
26/03/2022 11:47:20 [http] : 	test http
26/03/2022 11:47:20 [verbose] : 	test verbose
26/03/2022 11:47:20 [debug] : 	test debug
26/03/2022 11:47:20 [silly] : 	test silly
26/03/2022 11:47:21 [info] : 	App listening on port 3000 , host 127.0.0.1
26/03/2022 11:47:24 [info] : 	GET /ingredients 200 4 - 2.451 ms

