27/03/2022 12:02:31 [error] : 	test error
27/03/2022 12:11:26 [error] : 	test error
27/03/2022 12:23:22 [error] : 	test error
27/03/2022 12:41:18 [error] : 	test error
27/03/2022 12:42:43 [error] : 	test error
27/03/2022 12:31:47 [error] : 	test error
27/03/2022 12:32:35 [error] : 	test error
[error] : 27/03/2022 12:33:35 || 	test error
[error] : 27/03/2022 12:33:44 	test error
[error] : 27/03/2022 12:34:21 	test error
[error] : 27/03/2022 12:45:13 	test error
[error] : 27/03/2022 12:48:04 	test error
[error] : 27/03/2022 12:51:49 	test error
[error] : 27/03/2022 12:52:22 	Method => GET Ingredient BY ID : Ingredient Id is not a number
[error] : 27/03/2022 12:53:58 	test error
[error] : 27/03/2022 12:54:31 	Method => GET Ingredient BY ID : Ingredient Id is not a number
[error] : 27/03/2022 12:54:35 	Method => GET Ingredient BY ID : There is no Ingredient with this Id
[error] : 27/03/2022 12:55:20 	test error
[error] : 27/03/2022 12:59:51 	test error
[error] : 27/03/2022 01:01:23 	test error
[error] : 27/03/2022 01:06:57 	test error
[error] : 27/03/2022 01:14:27 	test error
[error] : 27/03/2022 02:16:44 	test error
[error] : 27/03/2022 02:29:41 	test error
[error] : 27/03/2022 02:30:06 	test error
[error] : 27/03/2022 02:31:53 	test error
[error] : 27/03/2022 02:32:17 	test error
[error] : 27/03/2022 02:32:47 	test error
[error] : 27/03/2022 02:33:29 	test error
[error] : 27/03/2022 02:39:25 	test error
[error] : 27/03/2022 02:40:45 	test error
[error] : 27/03/2022 02:43:35 	test error
[error] : 27/03/2022 02:44:05 	test error
[error] : 27/03/2022 02:50:42 	test error
[error] : 27/03/2022 02:51:25 	test error
[error] : 27/03/2022 02:52:56 	test error
[error] : 27/03/2022 02:59:48 	test error
[error] : 27/03/2022 03:00:01 	test error
[error] : 27/03/2022 03:01:53 	test error
