[error] : 28/03/2022 10:56:34 	test error
[warn] : 28/03/2022 10:56:34 	test warning
[info] : 28/03/2022 10:56:34 	test info
[http] : 28/03/2022 10:56:34 	test http
[verbose] : 28/03/2022 10:56:34 	test verbose
[debug] : 28/03/2022 10:56:34 	test debug
[silly] : 28/03/2022 10:56:34 	test silly
[info] : 28/03/2022 10:56:35 	App listening on port 3000 , host 127.0.0.1
[info] : 28/03/2022 10:57:07 	GET / 404 139 - 2.052 ms

[info] : 28/03/2022 10:57:12 	GET /api 404 142 - 0.938 ms

[info] : 28/03/2022 10:57:17 	GET /api-docs 301 183 - 1.542 ms

[info] : 28/03/2022 10:57:17 	GET /api-docs/ 200 3102 - 2.584 ms

[info] : 28/03/2022 10:57:17 	GET /api-docs/swagger-ui-init.js 200 6701 - 0.179 ms

[info] : 28/03/2022 10:57:17 	GET /api-docs/swagger-ui.css 200 143976 - 5.446 ms

[info] : 28/03/2022 10:57:17 	GET /api-docs/swagger-ui-standalone-preset.js 200 339500 - 5.909 ms

[info] : 28/03/2022 10:57:17 	GET /api-docs/swagger-ui-bundle.js 200 1095108 - 5.904 ms

[info] : 28/03/2022 10:57:17 	GET /api-docs/swagger-ui-init.js 200 6701 - 0.283 ms

[info] : 28/03/2022 10:57:17 	GET /api-docs/swagger-ui-standalone-preset.js 200 339500 - 1.195 ms

[info] : 28/03/2022 10:57:17 	GET /api-docs/swagger-ui-bundle.js 200 1095108 - 2.269 ms

[info] : 28/03/2022 10:57:17 	GET /api-docs/favicon-32x32.png 200 628 - 0.688 ms

[info] : 28/03/2022 11:03:47 	GET /api-docs/ 200 3102 - 0.732 ms

[info] : 28/03/2022 11:03:48 	GET /api-docs/swagger-ui-init.js 200 6701 - 0.240 ms

[info] : 28/03/2022 11:03:48 	GET /api-docs/swagger-ui-standalone-preset.js 304 - - 2.038 ms

[info] : 28/03/2022 11:03:48 	GET /api-docs/swagger-ui-bundle.js 304 - - 2.826 ms

[info] : 28/03/2022 11:03:48 	GET /api-docs/swagger-ui.css 200 143976 - 7.599 ms

[info] : 28/03/2022 11:03:48 	GET /api-docs/favicon-32x32.png - - - - ms

[error] : 28/03/2022 11:04:01 	test error
[warn] : 28/03/2022 11:04:01 	test warning
[info] : 28/03/2022 11:04:01 	test info
[http] : 28/03/2022 11:04:01 	test http
[verbose] : 28/03/2022 11:04:01 	test verbose
[debug] : 28/03/2022 11:04:01 	test debug
[silly] : 28/03/2022 11:04:01 	test silly
[info] : 28/03/2022 11:04:03 	App listening on port 3000 , host 127.0.0.1
[info] : 28/03/2022 11:04:07 	GET /api-docs/ 200 3102 - 3.495 ms

[info] : 28/03/2022 11:04:07 	GET /api-docs/swagger-ui-bundle.js 304 - - 2.127 ms

[info] : 28/03/2022 11:04:07 	GET /api-docs/swagger-ui-init.js 200 6743 - 0.196 ms

[info] : 28/03/2022 11:04:07 	GET /api-docs/swagger-ui-standalone-preset.js 304 - - 2.450 ms

[info] : 28/03/2022 11:04:07 	GET /api-docs/swagger-ui.css 200 143976 - 3.006 ms

[info] : 28/03/2022 11:04:07 	GET /api-docs/swagger-ui-init.js 200 6743 - 0.322 ms

[info] : 28/03/2022 11:04:07 	GET /api-docs/swagger-ui-standalone-preset.js 304 - - 1.033 ms

[info] : 28/03/2022 11:04:07 	GET /api-docs/swagger-ui-bundle.js 304 - - 0.598 ms

[error] : 28/03/2022 11:04:22 	test error
[warn] : 28/03/2022 11:04:22 	test warning
[info] : 28/03/2022 11:04:22 	test info
[http] : 28/03/2022 11:04:22 	test http
[verbose] : 28/03/2022 11:04:22 	test verbose
[debug] : 28/03/2022 11:04:22 	test debug
[silly] : 28/03/2022 11:04:22 	test silly
[info] : 28/03/2022 11:04:23 	App listening on port 3000 , host 127.0.0.1
[info] : 28/03/2022 11:04:26 	GET /api-docs/ 304 - - 3.385 ms

[info] : 28/03/2022 11:04:26 	GET /api-docs/swagger-ui.css 304 - - 1.426 ms

[info] : 28/03/2022 11:04:26 	GET /api-docs/swagger-ui-init.js 200 6734 - 0.519 ms

[info] : 28/03/2022 11:04:26 	GET /api-docs/swagger-ui-bundle.js 304 - - 0.907 ms

[info] : 28/03/2022 11:04:26 	GET /api-docs/swagger-ui-standalone-preset.js 304 - - 1.535 ms

[error] : 28/03/2022 11:07:29 	test error
[warn] : 28/03/2022 11:07:29 	test warning
[info] : 28/03/2022 11:07:29 	test info
[http] : 28/03/2022 11:07:29 	test http
[verbose] : 28/03/2022 11:07:29 	test verbose
[debug] : 28/03/2022 11:07:29 	test debug
[silly] : 28/03/2022 11:07:29 	test silly
[info] : 28/03/2022 11:07:30 	App listening on port 3000 , host 127.0.0.1
[info] : 28/03/2022 11:07:33 	GET /api-docs/ 304 - - 3.630 ms

[info] : 28/03/2022 11:07:33 	GET /api-docs/swagger-ui.css 304 - - 2.667 ms

[info] : 28/03/2022 11:07:33 	GET /api-docs/swagger-ui-init.js 200 6722 - 0.371 ms

[info] : 28/03/2022 11:07:33 	GET /api-docs/swagger-ui-standalone-preset.js 304 - - 3.491 ms

[info] : 28/03/2022 11:07:33 	GET /api-docs/swagger-ui-bundle.js 304 - - 3.889 ms

[info] : 28/03/2022 11:07:33 	GET /api-docs/swagger-ui-init.js 200 6722 - 0.302 ms

[info] : 28/03/2022 11:07:33 	GET /api-docs/swagger-ui-standalone-preset.js 304 - - 1.023 ms

[info] : 28/03/2022 11:07:33 	GET /api-docs/swagger-ui-bundle.js 304 - - 1.747 ms

[info] : 28/03/2022 11:07:33 	GET /api-docs/favicon-32x32.png - - - - ms

